[ 2016-09-13T14:46:34+08:00 ] 127.0.0.1 /projects/tg_oa/src/tg_oa_crm/
INFO: [ app_init ] --START--
INFO: Run Behavior\BuildLiteBehavior [ RunTime:0.000000s ]
INFO: [ app_init ] --END-- [ RunTime:0.001000s ]
INFO: [ app_begin ] --START--
INFO: Run Behavior\ReadHtmlCacheBehavior [ RunTime:0.001000s ]
INFO: [ app_begin ] --END-- [ RunTime:0.001000s ]
INFO: [ view_parse ] --START--
INFO: [ template_filter ] --START--
INFO: Run Behavior\ContentReplaceBehavior [ RunTime:0.000000s ]
INFO: [ template_filter ] --END-- [ RunTime:0.000000s ]
INFO: Run Behavior\ParseTemplateBehavior [ RunTime:0.048003s ]
INFO: [ view_parse ] --END-- [ RunTime:0.048003s ]
INFO: [ view_filter ] --START--
INFO: Run Behavior\WriteHtmlCacheBehavior [ RunTime:0.001000s ]
INFO: [ view_filter ] --END-- [ RunTime:0.001000s ]
INFO: [ app_end ] --START--
INFO: Run Behavior\ShowPageTraceBehavior [ RunTime:0.001000s ]
INFO: [ app_end ] --END-- [ RunTime:0.001000s ]

[ 2016-09-13T14:46:34+08:00 ] 127.0.0.1 /projects/tg_oa/src/tg_oa_crm/index.php/Admin/Login/verifyCodeImg
INFO: [ app_init ] --START--
INFO: Run Behavior\BuildLiteBehavior [ RunTime:0.000000s ]
INFO: [ app_init ] --END-- [ RunTime:0.001000s ]
INFO: [ app_begin ] --START--
INFO: Run Behavior\ReadHtmlCacheBehavior [ RunTime:0.000000s ]
INFO: [ app_begin ] --END-- [ RunTime:0.001000s ]
INFO: [ app_end ] --START--
INFO: Run Behavior\ShowPageTraceBehavior [ RunTime:0.001000s ]
INFO: [ app_end ] --END-- [ RunTime:0.001000s ]

[ 2016-09-13T14:47:10+08:00 ] 127.0.0.1 /projects/tg_oa/src/tg_oa_crm/index.php/Admin/Login/login
INFO: [ app_init ] --START--
INFO: Run Behavior\BuildLiteBehavior [ RunTime:0.000000s ]
INFO: [ app_init ] --END-- [ RunTime:0.001000s ]
INFO: [ app_begin ] --START--
INFO: Run Behavior\ReadHtmlCacheBehavior [ RunTime:0.001001s ]
INFO: [ app_begin ] --END-- [ RunTime:0.001001s ]
SQL: SHOW COLUMNS FROM `tg_privilege_user` [ RunTime:0.0070s ]
SQL: SELECT * FROM `tg_privilege_user` WHERE `username` = 'admin' AND `password` = '96e79218965eb72c92a549dd5a330112' LIMIT 1   [ RunTime:0.0010s ]
SQL: SHOW COLUMNS FROM `tg_organization_employee` [ RunTime:0.0060s ]
SQL: select id,position_id from tg_organization_employee where user_id = 1 [ RunTime:0.0000s ]

[ 2016-09-13T14:47:10+08:00 ] 127.0.0.1 /projects/tg_oa/src/tg_oa_crm/index.php/Admin/Login/index.html
INFO: [ app_init ] --START--
INFO: Run Behavior\BuildLiteBehavior [ RunTime:0.000000s ]
INFO: [ app_init ] --END-- [ RunTime:0.001000s ]
INFO: [ app_begin ] --START--
INFO: Run Behavior\ReadHtmlCacheBehavior [ RunTime:0.001000s ]
INFO: [ app_begin ] --END-- [ RunTime:0.001000s ]
SQL: SHOW COLUMNS FROM `tg_privilege_menu` [ RunTime:0.0060s ]
SQL: SELECT `id`,name as text FROM `tg_privilege_menu` WHERE ( parent_id is null ) ORDER BY id asc  [ RunTime:0.0000s ]
INFO: [ view_parse ] --START--
INFO: [ template_filter ] --START--
INFO: Run Behavior\ContentReplaceBehavior [ RunTime:0.000000s ]
INFO: [ template_filter ] --END-- [ RunTime:0.000000s ]
INFO: Run Behavior\ParseTemplateBehavior [ RunTime:0.018001s ]
INFO: [ view_parse ] --END-- [ RunTime:0.019001s ]
INFO: [ view_filter ] --START--
INFO: Run Behavior\WriteHtmlCacheBehavior [ RunTime:0.000000s ]
INFO: [ view_filter ] --END-- [ RunTime:0.000000s ]
INFO: [ app_end ] --START--
INFO: Run Behavior\ShowPageTraceBehavior [ RunTime:0.000000s ]
INFO: [ app_end ] --END-- [ RunTime:0.001000s ]

[ 2016-09-13T14:47:11+08:00 ] 127.0.0.1 /projects/tg_oa/src/tg_oa_crm/index.php/Admin/Login/getMenus
INFO: [ app_init ] --START--
INFO: Run Behavior\BuildLiteBehavior [ RunTime:0.000000s ]
INFO: [ app_init ] --END-- [ RunTime:0.000000s ]
INFO: [ app_begin ] --START--
INFO: Run Behavior\ReadHtmlCacheBehavior [ RunTime:0.001000s ]
INFO: [ app_begin ] --END-- [ RunTime:0.001000s ]
SQL: SHOW COLUMNS FROM `tg_privilege_menu` [ RunTime:0.0090s ]
SQL: SELECT `id`,name as text,target_href href,parent_id as pid FROM `tg_privilege_menu` ORDER BY id asc  [ RunTime:0.0010s ]
INFO: [ app_end ] --START--
INFO: Run Behavior\ShowPageTraceBehavior [ RunTime:0.001000s ]
INFO: [ app_end ] --END-- [ RunTime:0.001000s ]

[ 2016-09-13T14:47:11+08:00 ] 127.0.0.1 /projects/tg_oa/src/tg_oa_crm/index.php/Admin/Index/index.html
INFO: [ app_init ] --START--
INFO: Run Behavior\BuildLiteBehavior [ RunTime:0.000000s ]
INFO: [ app_init ] --END-- [ RunTime:0.002000s ]
INFO: [ app_begin ] --START--
INFO: Run Behavior\ReadHtmlCacheBehavior [ RunTime:0.001000s ]
INFO: [ app_begin ] --END-- [ RunTime:0.001000s ]
INFO: [ view_parse ] --START--
INFO: [ template_filter ] --START--
INFO: Run Behavior\ContentReplaceBehavior [ RunTime:0.000000s ]
INFO: [ template_filter ] --END-- [ RunTime:0.000000s ]
INFO: Run Behavior\ParseTemplateBehavior [ RunTime:0.024002s ]
INFO: [ view_parse ] --END-- [ RunTime:0.024002s ]
INFO: [ view_filter ] --START--
INFO: Run Behavior\WriteHtmlCacheBehavior [ RunTime:0.000000s ]
INFO: [ view_filter ] --END-- [ RunTime:0.000000s ]
INFO: [ app_end ] --START--
INFO: Run Behavior\ShowPageTraceBehavior [ RunTime:0.001000s ]
INFO: [ app_end ] --END-- [ RunTime:0.001000s ]

[ 2016-09-13T14:47:15+08:00 ] 127.0.0.1 /projects/tg_oa/src/tg_oa_crm/index.php/Admin/Login/getMenus.html
INFO: [ app_init ] --START--
INFO: Run Behavior\BuildLiteBehavior [ RunTime:0.000000s ]
INFO: [ app_init ] --END-- [ RunTime:0.001000s ]
INFO: [ app_begin ] --START--
INFO: Run Behavior\ReadHtmlCacheBehavior [ RunTime:0.001000s ]
INFO: [ app_begin ] --END-- [ RunTime:0.001000s ]
SQL: SHOW COLUMNS FROM `tg_privilege_menu` [ RunTime:0.0080s ]
SQL: SELECT `id`,name as text,target_href href,parent_id as pid FROM `tg_privilege_menu` ORDER BY id asc  [ RunTime:0.0010s ]
INFO: [ app_end ] --START--
INFO: Run Behavior\ShowPageTraceBehavior [ RunTime:0.001000s ]
INFO: [ app_end ] --END-- [ RunTime:0.001000s ]

[ 2016-09-13T14:47:16+08:00 ] 127.0.0.1 /projects/tg_oa/src/tg_oa_crm/index.php/Admin/Safety/PASSWORD.html
INFO: [ app_init ] --START--
INFO: Run Behavior\BuildLiteBehavior [ RunTime:0.000000s ]
INFO: [ app_init ] --END-- [ RunTime:0.001000s ]
INFO: [ app_begin ] --START--
INFO: Run Behavior\ReadHtmlCacheBehavior [ RunTime:0.001000s ]
INFO: [ app_begin ] --END-- [ RunTime:0.001000s ]
ERR: 非法操作:PASSWORD

[ 2016-09-13T14:47:53+08:00 ] 127.0.0.1 /projects/tg_oa/src/tg_oa_crm/index.php/Admin/CrmClient/INDEX.html
INFO: [ app_init ] --START--
INFO: Run Behavior\BuildLiteBehavior [ RunTime:0.000000s ]
INFO: [ app_init ] --END-- [ RunTime:0.001000s ]
INFO: [ app_begin ] --START--
INFO: Run Behavior\ReadHtmlCacheBehavior [ RunTime:0.001000s ]
INFO: [ app_begin ] --END-- [ RunTime:0.002000s ]
SQL: SHOW COLUMNS FROM `tg_acdemic_class` [ RunTime:0.0290s ]
SQL: SELECT t1.name,t1.id FROM tg_acdemic_class t1 left JOIN tg_acdemic_room t2 on t1.room_id=t2.id  WHERE ( t2.num !=0 )  [ RunTime:0.0030s ]
SQL: SHOW COLUMNS FROM `tg_acdemic_direction` [ RunTime:0.0080s ]
ERR: 1054:Unknown column 'pay' in 'field list'
 [ SQL语句 ] : SELECT `id`,`name`,`pay` FROM `tg_acdemic_direction` 
ERR: 1054:Unknown column 'pay' in 'field list'
 [ SQL语句 ] : SELECT `id`,`name`,`pay` FROM `tg_acdemic_direction` 

[ 2016-09-13T14:48:01+08:00 ] 127.0.0.1 /projects/tg_oa/src/tg_oa_crm/index.php/Admin/CrmClient/DATA.html
INFO: [ app_init ] --START--
INFO: Run Behavior\BuildLiteBehavior [ RunTime:0.000000s ]
INFO: [ app_init ] --END-- [ RunTime:0.001000s ]
INFO: [ app_begin ] --START--
INFO: Run Behavior\ReadHtmlCacheBehavior [ RunTime:0.001000s ]
INFO: [ app_begin ] --END-- [ RunTime:0.001000s ]
INFO: [ view_parse ] --START--
INFO: [ template_filter ] --START--
INFO: Run Behavior\ContentReplaceBehavior [ RunTime:0.000000s ]
INFO: [ template_filter ] --END-- [ RunTime:0.000000s ]
NOTIC: [8] Undefined variable: entrymen D:\phpStudy\WWW\projects\tg_oa\src\tg_oa_crm\Application\Runtime\Cache\Admin\178f6521e084370dfcce2a9f1c54bc2a.php 第 198 行.
NOTIC: [8] Undefined variable: entrytime D:\phpStudy\WWW\projects\tg_oa\src\tg_oa_crm\Application\Runtime\Cache\Admin\178f6521e084370dfcce2a9f1c54bc2a.php 第 204 行.
NOTIC: [8] Undefined variable: entrymen D:\phpStudy\WWW\projects\tg_oa\src\tg_oa_crm\Application\Runtime\Cache\Admin\178f6521e084370dfcce2a9f1c54bc2a.php 第 215 行.
INFO: Run Behavior\ParseTemplateBehavior [ RunTime:0.173010s ]
INFO: [ view_parse ] --END-- [ RunTime:0.174010s ]
INFO: [ view_filter ] --START--
INFO: Run Behavior\WriteHtmlCacheBehavior [ RunTime:0.001000s ]
INFO: [ view_filter ] --END-- [ RunTime:0.001000s ]
INFO: [ app_end ] --START--
INFO: Run Behavior\ShowPageTraceBehavior [ RunTime:0.001000s ]
INFO: [ app_end ] --END-- [ RunTime:0.001000s ]

[ 2016-09-13T14:48:02+08:00 ] 127.0.0.1 /projects/tg_oa/src/tg_oa_crm/index.php/Admin/CrmClient/getData
INFO: [ app_init ] --START--
INFO: Run Behavior\BuildLiteBehavior [ RunTime:0.000000s ]
INFO: [ app_init ] --END-- [ RunTime:0.001000s ]
INFO: [ app_begin ] --START--
INFO: Run Behavior\ReadHtmlCacheBehavior [ RunTime:0.000000s ]
INFO: [ app_begin ] --END-- [ RunTime:0.000000s ]
SQL: SHOW COLUMNS FROM `tg_crm_client` [ RunTime:0.0660s ]
ERR: 1054:Unknown column 't6.pay' in 'field list'
 [ SQL语句 ] : SELECT t1.number,t1.name,t1.tel,t1.entrytime,t1.resp_id,t1.intention_client,t1.state,t1.status,t6.pay y,t2.spay,t3.starttime,t3.endtime,t4.sprice,t6.name cname,t5.name chargename FROM tg_crm_client t1 LEFT JOIN tg_crm_pay t2 on t2.client_id=t1.id LEFT JOIN tg_crm_distribution t3 on t3.client_id=t1.id LEFT JOIN tg_acdemic_class t7 on t7.id=t1.class_id LEFT JOIN tg_crm_apply t4 on t4.client_id=t1.id LEFT JOIN tg_acdemic_direction t6 on t6.id = t1.intention LEFT JOIN tg_organization_employee t5 on t5.id=t1.resp_id  GROUP BY t1.id LIMIT 0,8  
ERR: 1054:Unknown column 't6.pay' in 'field list'
 [ SQL语句 ] : SELECT t1.number,t1.name,t1.tel,t1.entrytime,t1.resp_id,t1.intention_client,t1.state,t1.status,t6.pay y,t2.spay,t3.starttime,t3.endtime,t4.sprice,t6.name cname,t5.name chargename FROM tg_crm_client t1 LEFT JOIN tg_crm_pay t2 on t2.client_id=t1.id LEFT JOIN tg_crm_distribution t3 on t3.client_id=t1.id LEFT JOIN tg_acdemic_class t7 on t7.id=t1.class_id LEFT JOIN tg_crm_apply t4 on t4.client_id=t1.id LEFT JOIN tg_acdemic_direction t6 on t6.id = t1.intention LEFT JOIN tg_organization_employee t5 on t5.id=t1.resp_id  GROUP BY t1.id LIMIT 0,8  

