[ 2016-10-11T08:42:02+08:00 ] 127.0.0.1 /tg_oa_crm_20161008/
INFO: [ app_init ] --START--
INFO: Run Behavior\BuildLiteBehavior [ RunTime:0.000000s ]
INFO: [ app_init ] --END-- [ RunTime:0.002000s ]
INFO: [ app_begin ] --START--
INFO: Run Behavior\ReadHtmlCacheBehavior [ RunTime:0.001000s ]
INFO: [ app_begin ] --END-- [ RunTime:0.001000s ]
INFO: [ view_parse ] --START--
INFO: [ template_filter ] --START--
INFO: Run Behavior\ContentReplaceBehavior [ RunTime:0.001000s ]
INFO: [ template_filter ] --END-- [ RunTime:0.001000s ]
INFO: Run Behavior\ParseTemplateBehavior [ RunTime:0.022001s ]
INFO: [ view_parse ] --END-- [ RunTime:0.022001s ]
INFO: [ view_filter ] --START--
INFO: Run Behavior\WriteHtmlCacheBehavior [ RunTime:0.000000s ]
INFO: [ view_filter ] --END-- [ RunTime:0.001000s ]
INFO: [ app_end ] --START--
INFO: Run Behavior\ShowPageTraceBehavior [ RunTime:0.002001s ]
INFO: [ app_end ] --END-- [ RunTime:0.002001s ]

[ 2016-10-11T08:42:02+08:00 ] 127.0.0.1 /tg_oa_crm_20161008/index.php/Admin/Login/verifyCodeImg
INFO: [ app_init ] --START--
INFO: Run Behavior\BuildLiteBehavior [ RunTime:0.000000s ]
INFO: [ app_init ] --END-- [ RunTime:0.000000s ]
INFO: [ app_begin ] --START--
INFO: Run Behavior\ReadHtmlCacheBehavior [ RunTime:0.001000s ]
INFO: [ app_begin ] --END-- [ RunTime:0.001000s ]
INFO: [ app_end ] --START--
INFO: Run Behavior\ShowPageTraceBehavior [ RunTime:0.002000s ]
INFO: [ app_end ] --END-- [ RunTime:0.002000s ]

[ 2016-10-11T08:42:09+08:00 ] 127.0.0.1 /tg_oa_crm_20161008/index.php/Admin/Login/login
INFO: [ app_init ] --START--
INFO: Run Behavior\BuildLiteBehavior [ RunTime:0.000000s ]
INFO: [ app_init ] --END-- [ RunTime:0.000000s ]
INFO: [ app_begin ] --START--
INFO: Run Behavior\ReadHtmlCacheBehavior [ RunTime:0.000000s ]
INFO: [ app_begin ] --END-- [ RunTime:0.000000s ]
SQL: SHOW COLUMNS FROM `tg_privilege_user` [ RunTime:0.0060s ]
SQL: SELECT * FROM `tg_privilege_user` WHERE `username` = 'admin' AND `password` = '96e79218965eb72c92a549dd5a330112' LIMIT 1   [ RunTime:0.0010s ]
SQL: SHOW COLUMNS FROM `tg_organization_employee` [ RunTime:0.0030s ]
SQL: select id,position_id from tg_organization_employee where user_id = 1 [ RunTime:0.0010s ]

[ 2016-10-11T08:42:09+08:00 ] 127.0.0.1 /tg_oa_crm_20161008/index.php/Admin/Login/index.html
INFO: [ app_init ] --START--
INFO: Run Behavior\BuildLiteBehavior [ RunTime:0.000000s ]
INFO: [ app_init ] --END-- [ RunTime:0.001000s ]
INFO: [ app_begin ] --START--
INFO: Run Behavior\ReadHtmlCacheBehavior [ RunTime:0.001000s ]
INFO: [ app_begin ] --END-- [ RunTime:0.001000s ]
SQL: SHOW COLUMNS FROM `tg_privilege_menu` [ RunTime:0.0050s ]
SQL: SELECT `id`,name as text FROM `tg_privilege_menu` WHERE ( parent_id is null ) ORDER BY id asc  [ RunTime:0.0000s ]
INFO: [ view_parse ] --START--
INFO: [ template_filter ] --START--
INFO: Run Behavior\ContentReplaceBehavior [ RunTime:0.000000s ]
INFO: [ template_filter ] --END-- [ RunTime:0.000000s ]
INFO: Run Behavior\ParseTemplateBehavior [ RunTime:0.009001s ]
INFO: [ view_parse ] --END-- [ RunTime:0.009001s ]
INFO: [ view_filter ] --START--
INFO: Run Behavior\WriteHtmlCacheBehavior [ RunTime:0.002000s ]
INFO: [ view_filter ] --END-- [ RunTime:0.002000s ]
INFO: [ app_end ] --START--
INFO: Run Behavior\ShowPageTraceBehavior [ RunTime:0.001000s ]
INFO: [ app_end ] --END-- [ RunTime:0.001000s ]

[ 2016-10-11T08:42:09+08:00 ] 127.0.0.1 /tg_oa_crm_20161008/index.php/Admin/Login/getMenus
INFO: [ app_init ] --START--
INFO: Run Behavior\BuildLiteBehavior [ RunTime:0.000000s ]
INFO: [ app_init ] --END-- [ RunTime:0.001000s ]
INFO: [ app_begin ] --START--
INFO: Run Behavior\ReadHtmlCacheBehavior [ RunTime:0.001000s ]
INFO: [ app_begin ] --END-- [ RunTime:0.001000s ]
SQL: SHOW COLUMNS FROM `tg_privilege_menu` [ RunTime:0.0060s ]
SQL: SELECT `id`,name as text,target_href href,parent_id as pid FROM `tg_privilege_menu` ORDER BY id asc  [ RunTime:0.0010s ]
INFO: [ app_end ] --START--
INFO: Run Behavior\ShowPageTraceBehavior [ RunTime:0.001000s ]
INFO: [ app_end ] --END-- [ RunTime:0.001000s ]

[ 2016-10-11T08:42:09+08:00 ] 127.0.0.1 /tg_oa_crm_20161008/index.php/Admin/Index/index.html
INFO: [ app_init ] --START--
INFO: Run Behavior\BuildLiteBehavior [ RunTime:0.000000s ]
INFO: [ app_init ] --END-- [ RunTime:0.000000s ]
INFO: [ app_begin ] --START--
INFO: Run Behavior\ReadHtmlCacheBehavior [ RunTime:0.001000s ]
INFO: [ app_begin ] --END-- [ RunTime:0.001000s ]
INFO: [ view_parse ] --START--
INFO: [ template_filter ] --START--
INFO: Run Behavior\ContentReplaceBehavior [ RunTime:0.001000s ]
INFO: [ template_filter ] --END-- [ RunTime:0.001000s ]
INFO: Run Behavior\ParseTemplateBehavior [ RunTime:0.011001s ]
INFO: [ view_parse ] --END-- [ RunTime:0.011001s ]
INFO: [ view_filter ] --START--
INFO: Run Behavior\WriteHtmlCacheBehavior [ RunTime:0.000000s ]
INFO: [ view_filter ] --END-- [ RunTime:0.000000s ]
INFO: [ app_end ] --START--
INFO: Run Behavior\ShowPageTraceBehavior [ RunTime:0.001000s ]
INFO: [ app_end ] --END-- [ RunTime:0.001000s ]

[ 2016-10-11T08:42:16+08:00 ] 127.0.0.1 /tg_oa_crm_20161008/index.php/Admin/HrDepartment/index.html
INFO: [ app_init ] --START--
INFO: Run Behavior\BuildLiteBehavior [ RunTime:0.000000s ]
INFO: [ app_init ] --END-- [ RunTime:0.000000s ]
INFO: [ app_begin ] --START--
INFO: Run Behavior\ReadHtmlCacheBehavior [ RunTime:0.000000s ]
INFO: [ app_begin ] --END-- [ RunTime:0.000000s ]
INFO: [ view_parse ] --START--
INFO: [ template_filter ] --START--
INFO: Run Behavior\ContentReplaceBehavior [ RunTime:0.000000s ]
INFO: [ template_filter ] --END-- [ RunTime:0.001000s ]
NOTIC: [8] Undefined index: user D:\WWW\tg_oa_crm_20161008\Application\Runtime\Cache\Admin\ad5f797b55fead159daf03c58e76c3e4.php 第 101 行.
NOTIC: [8] Undefined index: user D:\WWW\tg_oa_crm_20161008\Application\Runtime\Cache\Admin\ad5f797b55fead159daf03c58e76c3e4.php 第 122 行.
INFO: Run Behavior\ParseTemplateBehavior [ RunTime:0.008000s ]
INFO: [ view_parse ] --END-- [ RunTime:0.008000s ]
INFO: [ view_filter ] --START--
INFO: Run Behavior\WriteHtmlCacheBehavior [ RunTime:0.001000s ]
INFO: [ view_filter ] --END-- [ RunTime:0.001000s ]
INFO: [ app_end ] --START--
INFO: Run Behavior\ShowPageTraceBehavior [ RunTime:0.001000s ]
INFO: [ app_end ] --END-- [ RunTime:0.001000s ]

[ 2016-10-11T08:42:16+08:00 ] 127.0.0.1 /tg_oa_crm_20161008/index.php/Admin/HrDepartment/getData
INFO: [ app_init ] --START--
INFO: Run Behavior\BuildLiteBehavior [ RunTime:0.000000s ]
INFO: [ app_init ] --END-- [ RunTime:0.000000s ]
INFO: [ app_begin ] --START--
INFO: Run Behavior\ReadHtmlCacheBehavior [ RunTime:0.001000s ]
INFO: [ app_begin ] --END-- [ RunTime:0.001000s ]
SQL: SHOW COLUMNS FROM `tg_organization_department` [ RunTime:0.0040s ]
SQL: SELECT * FROM `tg_organization_department` LIMIT 0,10   [ RunTime:0.0000s ]
SQL: SELECT COUNT(*) AS tp_count FROM `tg_organization_department` LIMIT 1   [ RunTime:0.0000s ]
SQL: SELECT * FROM `tg_organization_department` WHERE `id` = 1 LIMIT 1   [ RunTime:0.0000s ]
SQL: SELECT * FROM `tg_organization_department` WHERE `id` = 1 LIMIT 1   [ RunTime:0.0000s ]
SQL: SELECT * FROM `tg_organization_department` WHERE `id` = 3 LIMIT 1   [ RunTime:0.0000s ]
SQL: SELECT * FROM `tg_organization_department` WHERE `id` = 3 LIMIT 1   [ RunTime:0.0000s ]
SQL: SELECT * FROM `tg_organization_department` WHERE `id` = 1 LIMIT 1   [ RunTime:0.0010s ]
SQL: SELECT * FROM `tg_organization_department` WHERE `id` = 1 LIMIT 1   [ RunTime:0.0000s ]
SQL: SELECT * FROM `tg_organization_department` WHERE `id` = 6 LIMIT 1   [ RunTime:0.0000s ]
SQL: SELECT * FROM `tg_organization_department` WHERE `id` = 6 LIMIT 1   [ RunTime:0.0000s ]
SQL: SELECT * FROM `tg_organization_department` WHERE `id` = 6 LIMIT 1   [ RunTime:0.0000s ]
INFO: [ app_end ] --START--
INFO: Run Behavior\ShowPageTraceBehavior [ RunTime:0.001000s ]
INFO: [ app_end ] --END-- [ RunTime:0.001000s ]

[ 2016-10-11T08:42:17+08:00 ] 127.0.0.1 /tg_oa_crm_20161008/index.php/Admin/HrDepartment/trees.html?id=0&_=1476146536700
INFO: [ app_init ] --START--
INFO: Run Behavior\BuildLiteBehavior [ RunTime:0.000000s ]
INFO: [ app_init ] --END-- [ RunTime:0.001000s ]
INFO: [ app_begin ] --START--
INFO: Run Behavior\ReadHtmlCacheBehavior [ RunTime:0.000000s ]
INFO: [ app_begin ] --END-- [ RunTime:0.000000s ]
SQL: SHOW COLUMNS FROM `tg_organization_department` [ RunTime:0.0040s ]
SQL: SELECT * FROM `tg_organization_department` ORDER BY id asc  [ RunTime:0.0010s ]
INFO: [ app_end ] --START--
INFO: Run Behavior\ShowPageTraceBehavior [ RunTime:0.000000s ]
INFO: [ app_end ] --END-- [ RunTime:0.000000s ]

[ 2016-10-11T08:42:18+08:00 ] 127.0.0.1 /tg_oa_crm_20161008/index.php/Admin/HrPosition/index.html
INFO: [ app_init ] --START--
INFO: Run Behavior\BuildLiteBehavior [ RunTime:0.000000s ]
INFO: [ app_init ] --END-- [ RunTime:0.002000s ]
INFO: [ app_begin ] --START--
INFO: Run Behavior\ReadHtmlCacheBehavior [ RunTime:0.001000s ]
INFO: [ app_begin ] --END-- [ RunTime:0.001000s ]
INFO: [ view_parse ] --START--
INFO: [ template_filter ] --START--
INFO: Run Behavior\ContentReplaceBehavior [ RunTime:0.000000s ]
INFO: [ template_filter ] --END-- [ RunTime:0.000000s ]
NOTIC: [8] Undefined index: user D:\WWW\tg_oa_crm_20161008\Application\Runtime\Cache\Admin\bf4fac80e9486f21e324fd277c5529df.php 第 119 行.
NOTIC: [8] Undefined index: user D:\WWW\tg_oa_crm_20161008\Application\Runtime\Cache\Admin\bf4fac80e9486f21e324fd277c5529df.php 第 140 行.
INFO: Run Behavior\ParseTemplateBehavior [ RunTime:0.008000s ]
INFO: [ view_parse ] --END-- [ RunTime:0.008000s ]
INFO: [ view_filter ] --START--
INFO: Run Behavior\WriteHtmlCacheBehavior [ RunTime:0.001000s ]
INFO: [ view_filter ] --END-- [ RunTime:0.001000s ]
INFO: [ app_end ] --START--
INFO: Run Behavior\ShowPageTraceBehavior [ RunTime:0.001000s ]
INFO: [ app_end ] --END-- [ RunTime:0.001000s ]

[ 2016-10-11T08:42:18+08:00 ] 127.0.0.1 /tg_oa_crm_20161008/index.php/Admin/HrPosition/getData
INFO: [ app_init ] --START--
INFO: Run Behavior\BuildLiteBehavior [ RunTime:0.000000s ]
INFO: [ app_init ] --END-- [ RunTime:0.000000s ]
INFO: [ app_begin ] --START--
INFO: Run Behavior\ReadHtmlCacheBehavior [ RunTime:0.001000s ]
INFO: [ app_begin ] --END-- [ RunTime:0.001000s ]
SQL: SHOW COLUMNS FROM `tg_organization_department` [ RunTime:0.0080s ]
SQL: SHOW COLUMNS FROM `tg_organization_position` [ RunTime:0.0040s ]
SQL: SELECT * FROM `tg_organization_position` LIMIT 0,10   [ RunTime:0.0000s ]
SQL: SELECT COUNT(*) AS tp_count FROM `tg_organization_position` LIMIT 1   [ RunTime:0.0010s ]
SQL: SELECT * FROM `tg_organization_position` WHERE `id` = 1 LIMIT 1   [ RunTime:0.0000s ]
SQL: SELECT * FROM `tg_organization_position` WHERE `id` = 1 LIMIT 1   [ RunTime:0.0000s ]
SQL: SELECT * FROM `tg_organization_position` WHERE `id` = 1 LIMIT 1   [ RunTime:0.0000s ]
SQL: SELECT * FROM `tg_organization_position` WHERE `id` = 4 LIMIT 1   [ RunTime:0.0000s ]
SQL: SELECT * FROM `tg_organization_position` WHERE `id` = 5 LIMIT 1   [ RunTime:0.0000s ]
SQL: SELECT * FROM `tg_organization_position` WHERE `id` = 4 LIMIT 1   [ RunTime:0.0010s ]
SQL: SELECT * FROM `tg_organization_position` WHERE `id` = 7 LIMIT 1   [ RunTime:0.0000s ]
SQL: SELECT * FROM `tg_organization_position` WHERE `id` = 2 LIMIT 1   [ RunTime:0.0010s ]
SQL: SELECT * FROM `tg_organization_position` WHERE `id` = 1 LIMIT 1   [ RunTime:0.0000s ]
SQL: SELECT * FROM `tg_organization_department` WHERE `id` = 1 LIMIT 1   [ RunTime:0.0010s ]
SQL: SELECT * FROM `tg_organization_department` WHERE `id` = 1 LIMIT 1   [ RunTime:0.0000s ]
SQL: SELECT * FROM `tg_organization_department` WHERE `id` = 2 LIMIT 1   [ RunTime:0.0010s ]
SQL: SELECT * FROM `tg_organization_department` WHERE `id` = 3 LIMIT 1   [ RunTime:0.0000s ]
SQL: SELECT * FROM `tg_organization_department` WHERE `id` = 4 LIMIT 1   [ RunTime:0.0010s ]
SQL: SELECT * FROM `tg_organization_department` WHERE `id` = 4 LIMIT 1   [ RunTime:0.0000s ]
SQL: SELECT * FROM `tg_organization_department` WHERE `id` = 5 LIMIT 1   [ RunTime:0.0000s ]
SQL: SELECT * FROM `tg_organization_department` WHERE `id` = 5 LIMIT 1   [ RunTime:0.0000s ]
SQL: SELECT * FROM `tg_organization_department` WHERE `id` = 6 LIMIT 1   [ RunTime:0.0000s ]
SQL: SELECT * FROM `tg_organization_department` WHERE `id` = 7 LIMIT 1   [ RunTime:0.0000s ]
INFO: [ app_end ] --START--
INFO: Run Behavior\ShowPageTraceBehavior [ RunTime:0.001000s ]
INFO: [ app_end ] --END-- [ RunTime:0.001000s ]

[ 2016-10-11T08:42:19+08:00 ] 127.0.0.1 /tg_oa_crm_20161008/index.php/Admin/HrEmployee/index.html
INFO: [ app_init ] --START--
INFO: Run Behavior\BuildLiteBehavior [ RunTime:0.000000s ]
INFO: [ app_init ] --END-- [ RunTime:0.000000s ]
INFO: [ app_begin ] --START--
INFO: Run Behavior\ReadHtmlCacheBehavior [ RunTime:0.000000s ]
INFO: [ app_begin ] --END-- [ RunTime:0.000000s ]
INFO: [ view_parse ] --START--
INFO: [ template_filter ] --START--
INFO: Run Behavior\ContentReplaceBehavior [ RunTime:0.000000s ]
INFO: [ template_filter ] --END-- [ RunTime:0.000000s ]
NOTIC: [8] Undefined index: user D:\WWW\tg_oa_crm_20161008\Application\Runtime\Cache\Admin\8f6a6382684c63f2339fd171319d738b.php 第 172 行.
INFO: Run Behavior\ParseTemplateBehavior [ RunTime:0.008000s ]
INFO: [ view_parse ] --END-- [ RunTime:0.008000s ]
INFO: [ view_filter ] --START--
INFO: Run Behavior\WriteHtmlCacheBehavior [ RunTime:0.000000s ]
INFO: [ view_filter ] --END-- [ RunTime:0.000000s ]
INFO: [ app_end ] --START--
INFO: Run Behavior\ShowPageTraceBehavior [ RunTime:0.000000s ]
INFO: [ app_end ] --END-- [ RunTime:0.000000s ]

[ 2016-10-11T08:42:19+08:00 ] 127.0.0.1 /tg_oa_crm_20161008/index.php/Admin/HrPosition/tree.html?id=0&_=1476146538853
INFO: [ app_init ] --START--
INFO: Run Behavior\BuildLiteBehavior [ RunTime:0.000000s ]
INFO: [ app_init ] --END-- [ RunTime:0.000000s ]
INFO: [ app_begin ] --START--
INFO: Run Behavior\ReadHtmlCacheBehavior [ RunTime:0.001000s ]
INFO: [ app_begin ] --END-- [ RunTime:0.001000s ]
SQL: SHOW COLUMNS FROM `tg_organization_position` [ RunTime:0.0050s ]
SQL: SELECT * FROM `tg_organization_position` ORDER BY id asc  [ RunTime:0.0010s ]
INFO: [ app_end ] --START--
INFO: Run Behavior\ShowPageTraceBehavior [ RunTime:0.001000s ]
INFO: [ app_end ] --END-- [ RunTime:0.001000s ]

[ 2016-10-11T08:42:20+08:00 ] 127.0.0.1 /tg_oa_crm_20161008/index.php/Admin/HrPosition/trees.html?id=0&_=1476146538826
INFO: [ app_init ] --START--
INFO: Run Behavior\BuildLiteBehavior [ RunTime:0.000000s ]
INFO: [ app_init ] --END-- [ RunTime:0.001000s ]
INFO: [ app_begin ] --START--
INFO: Run Behavior\ReadHtmlCacheBehavior [ RunTime:0.000000s ]
INFO: [ app_begin ] --END-- [ RunTime:0.000000s ]
SQL: SHOW COLUMNS FROM `tg_organization_department` [ RunTime:0.0030s ]
SQL: SELECT * FROM `tg_organization_department` ORDER BY id asc  [ RunTime:0.0000s ]
INFO: [ app_end ] --START--
INFO: Run Behavior\ShowPageTraceBehavior [ RunTime:0.000000s ]
INFO: [ app_end ] --END-- [ RunTime:0.000000s ]

[ 2016-10-11T08:42:20+08:00 ] 127.0.0.1 /tg_oa_crm_20161008/index.php/Admin/HrEmployee/getData
INFO: [ app_init ] --START--
INFO: Run Behavior\BuildLiteBehavior [ RunTime:0.000000s ]
INFO: [ app_init ] --END-- [ RunTime:0.001000s ]
INFO: [ app_begin ] --START--
INFO: Run Behavior\ReadHtmlCacheBehavior [ RunTime:0.001000s ]
INFO: [ app_begin ] --END-- [ RunTime:0.001000s ]
SQL: SHOW COLUMNS FROM `tg_organization_employee` [ RunTime:0.0060s ]
SQL: SHOW COLUMNS FROM `tg_organization_position` [ RunTime:0.0040s ]
SQL: SHOW COLUMNS FROM `tg_organization_department` [ RunTime:0.0040s ]
SQL: SELECT * FROM `tg_organization_employee` LIMIT 0,10   [ RunTime:0.0000s ]
SQL: SELECT * FROM `tg_organization_position` WHERE `id` = 1 LIMIT 1   [ RunTime:0.0010s ]
SQL: SELECT * FROM `tg_organization_department` WHERE ( id=1 ) LIMIT 1   [ RunTime:0.0000s ]
SQL: SELECT * FROM `tg_organization_position` WHERE `id` = 2 LIMIT 1   [ RunTime:0.0000s ]
SQL: SELECT * FROM `tg_organization_department` WHERE ( id=1 ) LIMIT 1   [ RunTime:0.0010s ]
SQL: SELECT * FROM `tg_organization_position` WHERE `id` = 4 LIMIT 1   [ RunTime:0.0000s ]
SQL: SELECT * FROM `tg_organization_department` WHERE ( id=3 ) LIMIT 1   [ RunTime:0.0010s ]
SQL: SELECT * FROM `tg_organization_position` WHERE `id` = 7 LIMIT 1   [ RunTime:0.0000s ]
SQL: SELECT * FROM `tg_organization_department` WHERE ( id=5 ) LIMIT 1   [ RunTime:0.0000s ]
SQL: SELECT * FROM `tg_organization_position` WHERE `id` = 5 LIMIT 1   [ RunTime:0.0000s ]
SQL: SELECT * FROM `tg_organization_department` WHERE ( id=4 ) LIMIT 1   [ RunTime:0.0000s ]
SQL: SELECT * FROM `tg_organization_position` WHERE `id` = 6 LIMIT 1   [ RunTime:0.0010s ]
SQL: SELECT * FROM `tg_organization_department` WHERE ( id=4 ) LIMIT 1   [ RunTime:0.0000s ]
SQL: SELECT * FROM `tg_organization_position` WHERE `id` = 10 LIMIT 1   [ RunTime:0.0010s ]
SQL: SELECT * FROM `tg_organization_department` WHERE ( id=7 ) LIMIT 1   [ RunTime:0.0010s ]
SQL: SELECT * FROM `tg_organization_position` WHERE `id` = 11 LIMIT 1   [ RunTime:0.0000s ]
SQL: SELECT * FROM `tg_organization_department` WHERE ( id=8 ) LIMIT 1   [ RunTime:0.0000s ]
SQL: SELECT * FROM `tg_organization_position` WHERE `id` = 12 LIMIT 1   [ RunTime:0.0010s ]
SQL: SELECT * FROM `tg_organization_department` WHERE ( id=9 ) LIMIT 1   [ RunTime:0.0000s ]
SQL: SELECT * FROM `tg_organization_position` WHERE `id` = 6 LIMIT 1   [ RunTime:0.0010s ]
SQL: SELECT * FROM `tg_organization_department` WHERE ( id=4 ) LIMIT 1   [ RunTime:0.0000s ]
SQL: SELECT COUNT(*) AS tp_count FROM `tg_organization_employee` LIMIT 1   [ RunTime:0.0010s ]
INFO: [ app_end ] --START--
INFO: Run Behavior\ShowPageTraceBehavior [ RunTime:0.001000s ]
INFO: [ app_end ] --END-- [ RunTime:0.001000s ]

[ 2016-10-11T08:42:20+08:00 ] 127.0.0.1 /tg_oa_crm_20161008/index.php/Admin/HrEmployee/trees.html?id=0&_=1476146540019
INFO: [ app_init ] --START--
INFO: Run Behavior\BuildLiteBehavior [ RunTime:0.000000s ]
INFO: [ app_init ] --END-- [ RunTime:0.001000s ]
INFO: [ app_begin ] --START--
INFO: Run Behavior\ReadHtmlCacheBehavior [ RunTime:0.001000s ]
INFO: [ app_begin ] --END-- [ RunTime:0.001000s ]
SQL: SHOW COLUMNS FROM `tg_organization_position` [ RunTime:0.0060s ]
SQL: SELECT * FROM `tg_organization_position` ORDER BY id asc  [ RunTime:0.0000s ]
INFO: [ app_end ] --START--
INFO: Run Behavior\ShowPageTraceBehavior [ RunTime:0.001000s ]
INFO: [ app_end ] --END-- [ RunTime:0.001000s ]

[ 2016-10-11T08:42:21+08:00 ] 127.0.0.1 /tg_oa_crm_20161008/index.php/Admin/HrEmployee/tree.html?id=0&_=1476146540063
INFO: [ app_init ] --START--
INFO: Run Behavior\BuildLiteBehavior [ RunTime:0.000000s ]
INFO: [ app_init ] --END-- [ RunTime:0.000000s ]
INFO: [ app_begin ] --START--
INFO: Run Behavior\ReadHtmlCacheBehavior [ RunTime:0.000000s ]
INFO: [ app_begin ] --END-- [ RunTime:0.000000s ]
SQL: SHOW COLUMNS FROM `tg_organization_department` [ RunTime:0.0040s ]
SQL: SELECT * FROM `tg_organization_department` ORDER BY id asc  [ RunTime:0.0000s ]
INFO: [ app_end ] --START--
INFO: Run Behavior\ShowPageTraceBehavior [ RunTime:0.001000s ]
INFO: [ app_end ] --END-- [ RunTime:0.001000s ]

[ 2016-10-11T08:42:21+08:00 ] 127.0.0.1 /tg_oa_crm_20161008/index.php/Admin/HrEmployee/trees.html?id=0&_=1476146540045
INFO: [ app_init ] --START--
INFO: Run Behavior\BuildLiteBehavior [ RunTime:0.000000s ]
INFO: [ app_init ] --END-- [ RunTime:0.001000s ]
INFO: [ app_begin ] --START--
INFO: Run Behavior\ReadHtmlCacheBehavior [ RunTime:0.001000s ]
INFO: [ app_begin ] --END-- [ RunTime:0.001000s ]
SQL: SHOW COLUMNS FROM `tg_organization_position` [ RunTime:0.0040s ]
SQL: SELECT * FROM `tg_organization_position` ORDER BY id asc  [ RunTime:0.0000s ]
INFO: [ app_end ] --START--
INFO: Run Behavior\ShowPageTraceBehavior [ RunTime:0.001000s ]
INFO: [ app_end ] --END-- [ RunTime:0.001000s ]

[ 2016-10-11T08:42:23+08:00 ] 127.0.0.1 /tg_oa_crm_20161008/index.php/Admin/HrDepartment/index.html
INFO: [ app_init ] --START--
INFO: Run Behavior\BuildLiteBehavior [ RunTime:0.000000s ]
INFO: [ app_init ] --END-- [ RunTime:0.001000s ]
INFO: [ app_begin ] --START--
INFO: Run Behavior\ReadHtmlCacheBehavior [ RunTime:0.000000s ]
INFO: [ app_begin ] --END-- [ RunTime:0.000000s ]
INFO: [ view_parse ] --START--
INFO: [ template_filter ] --START--
INFO: Run Behavior\ContentReplaceBehavior [ RunTime:0.000000s ]
INFO: [ template_filter ] --END-- [ RunTime:0.000000s ]
NOTIC: [8] Undefined index: user D:\WWW\tg_oa_crm_20161008\Application\Runtime\Cache\Admin\ad5f797b55fead159daf03c58e76c3e4.php 第 101 行.
NOTIC: [8] Undefined index: user D:\WWW\tg_oa_crm_20161008\Application\Runtime\Cache\Admin\ad5f797b55fead159daf03c58e76c3e4.php 第 122 行.
INFO: Run Behavior\ParseTemplateBehavior [ RunTime:0.011000s ]
INFO: [ view_parse ] --END-- [ RunTime:0.011000s ]
INFO: [ view_filter ] --START--
INFO: Run Behavior\WriteHtmlCacheBehavior [ RunTime:0.001000s ]
INFO: [ view_filter ] --END-- [ RunTime:0.001000s ]
INFO: [ app_end ] --START--
INFO: Run Behavior\ShowPageTraceBehavior [ RunTime:0.001000s ]
INFO: [ app_end ] --END-- [ RunTime:0.001000s ]

[ 2016-10-11T08:42:23+08:00 ] 127.0.0.1 /tg_oa_crm_20161008/index.php/Admin/HrDepartment/getData
INFO: [ app_init ] --START--
INFO: Run Behavior\BuildLiteBehavior [ RunTime:0.000000s ]
INFO: [ app_init ] --END-- [ RunTime:0.000000s ]
INFO: [ app_begin ] --START--
INFO: Run Behavior\ReadHtmlCacheBehavior [ RunTime:0.001000s ]
INFO: [ app_begin ] --END-- [ RunTime:0.001000s ]
SQL: SHOW COLUMNS FROM `tg_organization_department` [ RunTime:0.0040s ]
SQL: SELECT * FROM `tg_organization_department` LIMIT 0,10   [ RunTime:0.0000s ]
SQL: SELECT COUNT(*) AS tp_count FROM `tg_organization_department` LIMIT 1   [ RunTime:0.0000s ]
SQL: SELECT * FROM `tg_organization_department` WHERE `id` = 1 LIMIT 1   [ RunTime:0.0000s ]
SQL: SELECT * FROM `tg_organization_department` WHERE `id` = 1 LIMIT 1   [ RunTime:0.0010s ]
SQL: SELECT * FROM `tg_organization_department` WHERE `id` = 3 LIMIT 1   [ RunTime:0.0000s ]
SQL: SELECT * FROM `tg_organization_department` WHERE `id` = 3 LIMIT 1   [ RunTime:0.0000s ]
SQL: SELECT * FROM `tg_organization_department` WHERE `id` = 1 LIMIT 1   [ RunTime:0.0010s ]
SQL: SELECT * FROM `tg_organization_department` WHERE `id` = 1 LIMIT 1   [ RunTime:0.0000s ]
SQL: SELECT * FROM `tg_organization_department` WHERE `id` = 6 LIMIT 1   [ RunTime:0.0010s ]
SQL: SELECT * FROM `tg_organization_department` WHERE `id` = 6 LIMIT 1   [ RunTime:0.0000s ]
SQL: SELECT * FROM `tg_organization_department` WHERE `id` = 6 LIMIT 1   [ RunTime:0.0020s ]
INFO: [ app_end ] --START--
INFO: Run Behavior\ShowPageTraceBehavior [ RunTime:0.002000s ]
INFO: [ app_end ] --END-- [ RunTime:0.002000s ]

[ 2016-10-11T08:42:23+08:00 ] 127.0.0.1 /tg_oa_crm_20161008/index.php/Admin/HrDepartment/trees.html?id=0&_=1476146543445
INFO: [ app_init ] --START--
INFO: Run Behavior\BuildLiteBehavior [ RunTime:0.000000s ]
INFO: [ app_init ] --END-- [ RunTime:0.001000s ]
INFO: [ app_begin ] --START--
INFO: Run Behavior\ReadHtmlCacheBehavior [ RunTime:0.001000s ]
INFO: [ app_begin ] --END-- [ RunTime:0.001000s ]
SQL: SHOW COLUMNS FROM `tg_organization_department` [ RunTime:0.0050s ]
SQL: SELECT * FROM `tg_organization_department` ORDER BY id asc  [ RunTime:0.0010s ]
INFO: [ app_end ] --START--
INFO: Run Behavior\ShowPageTraceBehavior [ RunTime:0.001000s ]
INFO: [ app_end ] --END-- [ RunTime:0.001000s ]

[ 2016-10-11T09:05:21+08:00 ] 127.0.0.1 /tg_oa_crm_20161008/index.php/Admin/HrEmployee/index.html
INFO: [ app_init ] --START--
INFO: Run Behavior\BuildLiteBehavior [ RunTime:0.000000s ]
INFO: [ app_init ] --END-- [ RunTime:0.000000s ]
INFO: [ app_begin ] --START--
INFO: Run Behavior\ReadHtmlCacheBehavior [ RunTime:0.001000s ]
INFO: [ app_begin ] --END-- [ RunTime:0.001000s ]
INFO: [ view_parse ] --START--
INFO: [ template_filter ] --START--
INFO: Run Behavior\ContentReplaceBehavior [ RunTime:0.000000s ]
INFO: [ template_filter ] --END-- [ RunTime:0.000000s ]
NOTIC: [8] Undefined index: user D:\WWW\tg_oa_crm_20161008\Application\Runtime\Cache\Admin\8f6a6382684c63f2339fd171319d738b.php 第 172 行.
INFO: Run Behavior\ParseTemplateBehavior [ RunTime:0.009000s ]
INFO: [ view_parse ] --END-- [ RunTime:0.009000s ]
INFO: [ view_filter ] --START--
INFO: Run Behavior\WriteHtmlCacheBehavior [ RunTime:0.001000s ]
INFO: [ view_filter ] --END-- [ RunTime:0.001000s ]
INFO: [ app_end ] --START--
INFO: Run Behavior\ShowPageTraceBehavior [ RunTime:0.000000s ]
INFO: [ app_end ] --END-- [ RunTime:0.000000s ]

[ 2016-10-11T09:05:21+08:00 ] 127.0.0.1 /tg_oa_crm_20161008/index.php/Admin/HrEmployee/getData
INFO: [ app_init ] --START--
INFO: Run Behavior\BuildLiteBehavior [ RunTime:0.000000s ]
INFO: [ app_init ] --END-- [ RunTime:0.001000s ]
INFO: [ app_begin ] --START--
INFO: Run Behavior\ReadHtmlCacheBehavior [ RunTime:0.001000s ]
INFO: [ app_begin ] --END-- [ RunTime:0.001000s ]
SQL: SHOW COLUMNS FROM `tg_organization_employee` [ RunTime:0.0040s ]
SQL: SHOW COLUMNS FROM `tg_organization_position` [ RunTime:0.0040s ]
SQL: SHOW COLUMNS FROM `tg_organization_department` [ RunTime:0.0050s ]
SQL: SELECT * FROM `tg_organization_employee` LIMIT 0,10   [ RunTime:0.0000s ]
SQL: SELECT * FROM `tg_organization_position` WHERE `id` = 1 LIMIT 1   [ RunTime:0.0000s ]
SQL: SELECT * FROM `tg_organization_department` WHERE ( id=1 ) LIMIT 1   [ RunTime:0.0000s ]
SQL: SELECT * FROM `tg_organization_position` WHERE `id` = 2 LIMIT 1   [ RunTime:0.0010s ]
SQL: SELECT * FROM `tg_organization_department` WHERE ( id=1 ) LIMIT 1   [ RunTime:0.0000s ]
SQL: SELECT * FROM `tg_organization_position` WHERE `id` = 4 LIMIT 1   [ RunTime:0.0000s ]
SQL: SELECT * FROM `tg_organization_department` WHERE ( id=3 ) LIMIT 1   [ RunTime:0.0010s ]
SQL: SELECT * FROM `tg_organization_position` WHERE `id` = 7 LIMIT 1   [ RunTime:0.0000s ]
SQL: SELECT * FROM `tg_organization_department` WHERE ( id=5 ) LIMIT 1   [ RunTime:0.0000s ]
SQL: SELECT * FROM `tg_organization_position` WHERE `id` = 5 LIMIT 1   [ RunTime:0.0010s ]
SQL: SELECT * FROM `tg_organization_department` WHERE ( id=4 ) LIMIT 1   [ RunTime:0.0000s ]
SQL: SELECT * FROM `tg_organization_position` WHERE `id` = 6 LIMIT 1   [ RunTime:0.0000s ]
SQL: SELECT * FROM `tg_organization_department` WHERE ( id=4 ) LIMIT 1   [ RunTime:0.0010s ]
SQL: SELECT * FROM `tg_organization_position` WHERE `id` = 10 LIMIT 1   [ RunTime:0.0000s ]
SQL: SELECT * FROM `tg_organization_department` WHERE ( id=7 ) LIMIT 1   [ RunTime:0.0000s ]
SQL: SELECT * FROM `tg_organization_position` WHERE `id` = 11 LIMIT 1   [ RunTime:0.0010s ]
SQL: SELECT * FROM `tg_organization_department` WHERE ( id=8 ) LIMIT 1   [ RunTime:0.0000s ]
SQL: SELECT * FROM `tg_organization_position` WHERE `id` = 12 LIMIT 1   [ RunTime:0.0000s ]
SQL: SELECT * FROM `tg_organization_department` WHERE ( id=9 ) LIMIT 1   [ RunTime:0.0000s ]
SQL: SELECT * FROM `tg_organization_position` WHERE `id` = 6 LIMIT 1   [ RunTime:0.0000s ]
SQL: SELECT * FROM `tg_organization_department` WHERE ( id=4 ) LIMIT 1   [ RunTime:0.0000s ]
SQL: SELECT COUNT(*) AS tp_count FROM `tg_organization_employee` LIMIT 1   [ RunTime:0.0010s ]
INFO: [ app_end ] --START--
INFO: Run Behavior\ShowPageTraceBehavior [ RunTime:0.000000s ]
INFO: [ app_end ] --END-- [ RunTime:0.000000s ]

[ 2016-10-11T09:05:21+08:00 ] 127.0.0.1 /tg_oa_crm_20161008/index.php/Admin/HrEmployee/trees.html?id=0&_=1476147921742
INFO: [ app_init ] --START--
INFO: Run Behavior\BuildLiteBehavior [ RunTime:0.000000s ]
INFO: [ app_init ] --END-- [ RunTime:0.000000s ]
INFO: [ app_begin ] --START--
INFO: Run Behavior\ReadHtmlCacheBehavior [ RunTime:0.001000s ]
INFO: [ app_begin ] --END-- [ RunTime:0.001000s ]
SQL: SHOW COLUMNS FROM `tg_organization_position` [ RunTime:0.0050s ]
SQL: SELECT * FROM `tg_organization_position` ORDER BY id asc  [ RunTime:0.0000s ]
INFO: [ app_end ] --START--
INFO: Run Behavior\ShowPageTraceBehavior [ RunTime:0.001000s ]
INFO: [ app_end ] --END-- [ RunTime:0.001000s ]

[ 2016-10-11T09:05:22+08:00 ] 127.0.0.1 /tg_oa_crm_20161008/index.php/Admin/HrEmployee/trees.html?id=0&_=1476147921772
INFO: [ app_init ] --START--
INFO: Run Behavior\BuildLiteBehavior [ RunTime:0.000000s ]
INFO: [ app_init ] --END-- [ RunTime:0.001000s ]
INFO: [ app_begin ] --START--
INFO: Run Behavior\ReadHtmlCacheBehavior [ RunTime:0.001000s ]
INFO: [ app_begin ] --END-- [ RunTime:0.001000s ]
SQL: SHOW COLUMNS FROM `tg_organization_position` [ RunTime:0.0050s ]
SQL: SELECT * FROM `tg_organization_position` ORDER BY id asc  [ RunTime:0.0000s ]
INFO: [ app_end ] --START--
INFO: Run Behavior\ShowPageTraceBehavior [ RunTime:0.001000s ]
INFO: [ app_end ] --END-- [ RunTime:0.001000s ]

[ 2016-10-11T09:05:22+08:00 ] 127.0.0.1 /tg_oa_crm_20161008/index.php/Admin/HrEmployee/tree.html?id=0&_=1476147921794
INFO: [ app_init ] --START--
INFO: Run Behavior\BuildLiteBehavior [ RunTime:0.000000s ]
INFO: [ app_init ] --END-- [ RunTime:0.001000s ]
INFO: [ app_begin ] --START--
INFO: Run Behavior\ReadHtmlCacheBehavior [ RunTime:0.001000s ]
INFO: [ app_begin ] --END-- [ RunTime:0.001000s ]
SQL: SHOW COLUMNS FROM `tg_organization_department` [ RunTime:0.0060s ]
SQL: SELECT * FROM `tg_organization_department` ORDER BY id asc  [ RunTime:0.0010s ]
INFO: [ app_end ] --START--
INFO: Run Behavior\ShowPageTraceBehavior [ RunTime:0.002000s ]
INFO: [ app_end ] --END-- [ RunTime:0.002000s ]

[ 2016-10-11T09:05:39+08:00 ] 127.0.0.1 /tg_oa_crm_20161008/index.php/Admin/HrEmployee/add
INFO: [ app_init ] --START--
INFO: Run Behavior\BuildLiteBehavior [ RunTime:0.000000s ]
INFO: [ app_init ] --END-- [ RunTime:0.000000s ]
INFO: [ app_begin ] --START--
INFO: Run Behavior\ReadHtmlCacheBehavior [ RunTime:0.001000s ]
INFO: [ app_begin ] --END-- [ RunTime:0.001000s ]
NOTIC: [2] call_user_func() expects parameter 1 to be a valid callback, no array or string given D:\WWW\tg_oa_crm_20161008\ThinkPHP\Library\Think\Upload.class.php 第 170 行.
SQL: SHOW COLUMNS FROM `tg_privilege_user` [ RunTime:0.0050s ]
SQL: SHOW COLUMNS FROM `tg_privilege_user_role` [ RunTime:0.0030s ]
SQL: SHOW COLUMNS FROM `tg_organization_employee` [ RunTime:0.0040s ]
SQL: SHOW COLUMNS FROM `tg_organization_position` [ RunTime:0.0030s ]
SQL: SELECT * FROM `tg_organization_position` WHERE `name` = '人力资源经理' LIMIT 1   [ RunTime:0.0000s ]
NOTIC: [8] Undefined index: validate D:\WWW\tg_oa_crm_20161008\ThinkPHP\Library\Think\Model.class.php 第 1186 行.
NOTIC: [8] Undefined index: auto D:\WWW\tg_oa_crm_20161008\ThinkPHP\Library\Think\Model.class.php 第 1129 行.
SQL: INSERT INTO `tg_privilege_user` (`username`,`password`,`status`) VALUES ('姚姚4','96e79218965eb72c92a549dd5a330112','1') [ RunTime:0.0000s ]
NOTIC: [8] Undefined index: validate D:\WWW\tg_oa_crm_20161008\ThinkPHP\Library\Think\Model.class.php 第 1186 行.
NOTIC: [8] Undefined index: auto D:\WWW\tg_oa_crm_20161008\ThinkPHP\Library\Think\Model.class.php 第 1129 行.
SQL: INSERT INTO `tg_organization_employee` (`name`,`hiredate`,`position_id`,`user_id`,`photo`) VALUES ('姚姚4','2016-10-04','3','100','/Uploads/2016-10-11/57fc3ae3be902.jpg') [ RunTime:0.0000s ]
SQL: SELECT * FROM `tg_organization_position` WHERE ( id=3 ) LIMIT 1   [ RunTime:0.0010s ]
NOTIC: [8] Undefined index: validate D:\WWW\tg_oa_crm_20161008\ThinkPHP\Library\Think\Model.class.php 第 1186 行.
NOTIC: [8] Undefined index: auto D:\WWW\tg_oa_crm_20161008\ThinkPHP\Library\Think\Model.class.php 第 1129 行.
SQL: INSERT INTO `tg_privilege_user_role` (`user_id`,`role_id`) VALUES ('100','3') [ RunTime:0.0000s ]
INFO: [ view_parse ] --START--
INFO: [ template_filter ] --START--
INFO: Run Behavior\ContentReplaceBehavior [ RunTime:0.000000s ]
INFO: [ template_filter ] --END-- [ RunTime:0.000000s ]
INFO: Run Behavior\ParseTemplateBehavior [ RunTime:0.007000s ]
INFO: [ view_parse ] --END-- [ RunTime:0.007000s ]
INFO: [ view_filter ] --START--
INFO: Run Behavior\WriteHtmlCacheBehavior [ RunTime:0.000000s ]
INFO: [ view_filter ] --END-- [ RunTime:0.001000s ]
INFO: [ app_end ] --START--
INFO: Run Behavior\ShowPageTraceBehavior [ RunTime:0.000000s ]
INFO: [ app_end ] --END-- [ RunTime:0.000000s ]

[ 2016-10-11T09:05:40+08:00 ] 127.0.0.1 /tg_oa_crm_20161008/index.php/Admin/HrEmployee/index.html
INFO: [ app_init ] --START--
INFO: Run Behavior\BuildLiteBehavior [ RunTime:0.000000s ]
INFO: [ app_init ] --END-- [ RunTime:0.001000s ]
INFO: [ app_begin ] --START--
INFO: Run Behavior\ReadHtmlCacheBehavior [ RunTime:0.001000s ]
INFO: [ app_begin ] --END-- [ RunTime:0.001000s ]
INFO: [ view_parse ] --START--
INFO: [ template_filter ] --START--
INFO: Run Behavior\ContentReplaceBehavior [ RunTime:0.000000s ]
INFO: [ template_filter ] --END-- [ RunTime:0.000000s ]
NOTIC: [8] Undefined index: user D:\WWW\tg_oa_crm_20161008\Application\Runtime\Cache\Admin\8f6a6382684c63f2339fd171319d738b.php 第 172 行.
INFO: Run Behavior\ParseTemplateBehavior [ RunTime:0.009001s ]
INFO: [ view_parse ] --END-- [ RunTime:0.009001s ]
INFO: [ view_filter ] --START--
INFO: Run Behavior\WriteHtmlCacheBehavior [ RunTime:0.001000s ]
INFO: [ view_filter ] --END-- [ RunTime:0.001000s ]
INFO: [ app_end ] --START--
INFO: Run Behavior\ShowPageTraceBehavior [ RunTime:0.001000s ]
INFO: [ app_end ] --END-- [ RunTime:0.001000s ]

[ 2016-10-11T09:05:41+08:00 ] 127.0.0.1 /tg_oa_crm_20161008/index.php/Admin/HrEmployee/getData
INFO: [ app_init ] --START--
INFO: Run Behavior\BuildLiteBehavior [ RunTime:0.000000s ]
INFO: [ app_init ] --END-- [ RunTime:0.000000s ]
INFO: [ app_begin ] --START--
INFO: Run Behavior\ReadHtmlCacheBehavior [ RunTime:0.000000s ]
INFO: [ app_begin ] --END-- [ RunTime:0.000000s ]
SQL: SHOW COLUMNS FROM `tg_organization_employee` [ RunTime:0.0070s ]
SQL: SHOW COLUMNS FROM `tg_organization_position` [ RunTime:0.0030s ]
SQL: SHOW COLUMNS FROM `tg_organization_department` [ RunTime:0.0040s ]
SQL: SELECT * FROM `tg_organization_employee` LIMIT 0,10   [ RunTime:0.0010s ]
SQL: SELECT * FROM `tg_organization_position` WHERE `id` = 1 LIMIT 1   [ RunTime:0.0000s ]
SQL: SELECT * FROM `tg_organization_department` WHERE ( id=1 ) LIMIT 1   [ RunTime:0.0010s ]
SQL: SELECT * FROM `tg_organization_position` WHERE `id` = 2 LIMIT 1   [ RunTime:0.0000s ]
SQL: SELECT * FROM `tg_organization_department` WHERE ( id=1 ) LIMIT 1   [ RunTime:0.0010s ]
SQL: SELECT * FROM `tg_organization_position` WHERE `id` = 4 LIMIT 1   [ RunTime:0.0000s ]
SQL: SELECT * FROM `tg_organization_department` WHERE ( id=3 ) LIMIT 1   [ RunTime:0.0000s ]
SQL: SELECT * FROM `tg_organization_position` WHERE `id` = 7 LIMIT 1   [ RunTime:0.0000s ]
SQL: SELECT * FROM `tg_organization_department` WHERE ( id=5 ) LIMIT 1   [ RunTime:0.0000s ]
SQL: SELECT * FROM `tg_organization_position` WHERE `id` = 5 LIMIT 1   [ RunTime:0.0010s ]
SQL: SELECT * FROM `tg_organization_department` WHERE ( id=4 ) LIMIT 1   [ RunTime:0.0000s ]
SQL: SELECT * FROM `tg_organization_position` WHERE `id` = 6 LIMIT 1   [ RunTime:0.0000s ]
SQL: SELECT * FROM `tg_organization_department` WHERE ( id=4 ) LIMIT 1   [ RunTime:0.0010s ]
SQL: SELECT * FROM `tg_organization_position` WHERE `id` = 10 LIMIT 1   [ RunTime:0.0000s ]
SQL: SELECT * FROM `tg_organization_department` WHERE ( id=7 ) LIMIT 1   [ RunTime:0.0000s ]
SQL: SELECT * FROM `tg_organization_position` WHERE `id` = 11 LIMIT 1   [ RunTime:0.0010s ]
SQL: SELECT * FROM `tg_organization_department` WHERE ( id=8 ) LIMIT 1   [ RunTime:0.0000s ]
SQL: SELECT * FROM `tg_organization_position` WHERE `id` = 12 LIMIT 1   [ RunTime:0.0000s ]
SQL: SELECT * FROM `tg_organization_department` WHERE ( id=9 ) LIMIT 1   [ RunTime:0.0010s ]
SQL: SELECT * FROM `tg_organization_position` WHERE `id` = 6 LIMIT 1   [ RunTime:0.0000s ]
SQL: SELECT * FROM `tg_organization_department` WHERE ( id=4 ) LIMIT 1   [ RunTime:0.0000s ]
SQL: SELECT COUNT(*) AS tp_count FROM `tg_organization_employee` LIMIT 1   [ RunTime:0.0010s ]
INFO: [ app_end ] --START--
INFO: Run Behavior\ShowPageTraceBehavior [ RunTime:0.000000s ]
INFO: [ app_end ] --END-- [ RunTime:0.000000s ]

[ 2016-10-11T09:05:41+08:00 ] 127.0.0.1 /tg_oa_crm_20161008/index.php/Admin/HrEmployee/trees.html?id=0&_=1476147941672
INFO: [ app_init ] --START--
INFO: Run Behavior\BuildLiteBehavior [ RunTime:0.000000s ]
INFO: [ app_init ] --END-- [ RunTime:0.000000s ]
INFO: [ app_begin ] --START--
INFO: Run Behavior\ReadHtmlCacheBehavior [ RunTime:0.000000s ]
INFO: [ app_begin ] --END-- [ RunTime:0.000000s ]
SQL: SHOW COLUMNS FROM `tg_organization_position` [ RunTime:0.0050s ]
SQL: SELECT * FROM `tg_organization_position` ORDER BY id asc  [ RunTime:0.0010s ]
INFO: [ app_end ] --START--
INFO: Run Behavior\ShowPageTraceBehavior [ RunTime:0.001000s ]
INFO: [ app_end ] --END-- [ RunTime:0.001000s ]

[ 2016-10-11T09:05:42+08:00 ] 127.0.0.1 /tg_oa_crm_20161008/index.php/Admin/HrEmployee/trees.html?id=0&_=1476147941702
INFO: [ app_init ] --START--
INFO: Run Behavior\BuildLiteBehavior [ RunTime:0.000000s ]
INFO: [ app_init ] --END-- [ RunTime:0.000000s ]
INFO: [ app_begin ] --START--
INFO: Run Behavior\ReadHtmlCacheBehavior [ RunTime:0.000000s ]
INFO: [ app_begin ] --END-- [ RunTime:0.000000s ]
SQL: SHOW COLUMNS FROM `tg_organization_position` [ RunTime:0.0030s ]
SQL: SELECT * FROM `tg_organization_position` ORDER BY id asc  [ RunTime:0.0010s ]
INFO: [ app_end ] --START--
INFO: Run Behavior\ShowPageTraceBehavior [ RunTime:0.001000s ]
INFO: [ app_end ] --END-- [ RunTime:0.001000s ]

[ 2016-10-11T09:05:42+08:00 ] 127.0.0.1 /tg_oa_crm_20161008/index.php/Admin/HrEmployee/tree.html?id=0&_=1476147941726
INFO: [ app_init ] --START--
INFO: Run Behavior\BuildLiteBehavior [ RunTime:0.000000s ]
INFO: [ app_init ] --END-- [ RunTime:0.000000s ]
INFO: [ app_begin ] --START--
INFO: Run Behavior\ReadHtmlCacheBehavior [ RunTime:0.001000s ]
INFO: [ app_begin ] --END-- [ RunTime:0.001000s ]
SQL: SHOW COLUMNS FROM `tg_organization_department` [ RunTime:0.0040s ]
SQL: SELECT * FROM `tg_organization_department` ORDER BY id asc  [ RunTime:0.0000s ]
INFO: [ app_end ] --START--
INFO: Run Behavior\ShowPageTraceBehavior [ RunTime:0.001000s ]
INFO: [ app_end ] --END-- [ RunTime:0.001000s ]

[ 2016-10-11T17:48:47+08:00 ] 127.0.0.1 /tg_oa_crm_20161008/
INFO: [ app_init ] --START--
INFO: Run Behavior\BuildLiteBehavior [ RunTime:0.000000s ]
INFO: [ app_init ] --END-- [ RunTime:0.001000s ]
INFO: [ app_begin ] --START--
INFO: Run Behavior\ReadHtmlCacheBehavior [ RunTime:0.000000s ]
INFO: [ app_begin ] --END-- [ RunTime:0.000000s ]
INFO: [ view_parse ] --START--
INFO: [ template_filter ] --START--
INFO: Run Behavior\ContentReplaceBehavior [ RunTime:0.000000s ]
INFO: [ template_filter ] --END-- [ RunTime:0.000000s ]
INFO: Run Behavior\ParseTemplateBehavior [ RunTime:0.007001s ]
INFO: [ view_parse ] --END-- [ RunTime:0.007001s ]
INFO: [ view_filter ] --START--
INFO: Run Behavior\WriteHtmlCacheBehavior [ RunTime:0.001000s ]
INFO: [ view_filter ] --END-- [ RunTime:0.001000s ]
INFO: [ app_end ] --START--
INFO: Run Behavior\ShowPageTraceBehavior [ RunTime:0.000000s ]
INFO: [ app_end ] --END-- [ RunTime:0.000000s ]

[ 2016-10-11T17:48:47+08:00 ] 127.0.0.1 /tg_oa_crm_20161008/index.php/Admin/Login/verifyCodeImg
INFO: [ app_init ] --START--
INFO: Run Behavior\BuildLiteBehavior [ RunTime:0.000000s ]
INFO: [ app_init ] --END-- [ RunTime:0.001000s ]
INFO: [ app_begin ] --START--
INFO: Run Behavior\ReadHtmlCacheBehavior [ RunTime:0.000000s ]
INFO: [ app_begin ] --END-- [ RunTime:0.000000s ]
INFO: [ app_end ] --START--
INFO: Run Behavior\ShowPageTraceBehavior [ RunTime:0.001000s ]
INFO: [ app_end ] --END-- [ RunTime:0.001000s ]

[ 2016-10-11T17:48:52+08:00 ] 127.0.0.1 /tg_oa_crm_20161008/index.php/Admin/Login/login
INFO: [ app_init ] --START--
INFO: Run Behavior\BuildLiteBehavior [ RunTime:0.000000s ]
INFO: [ app_init ] --END-- [ RunTime:0.001000s ]
INFO: [ app_begin ] --START--
INFO: Run Behavior\ReadHtmlCacheBehavior [ RunTime:0.001000s ]
INFO: [ app_begin ] --END-- [ RunTime:0.001000s ]
SQL: SHOW COLUMNS FROM `tg_privilege_user` [ RunTime:0.0050s ]
SQL: SELECT * FROM `tg_privilege_user` WHERE `username` = 'admin' AND `password` = '96e79218965eb72c92a549dd5a330112' LIMIT 1   [ RunTime:0.0000s ]
SQL: SHOW COLUMNS FROM `tg_organization_employee` [ RunTime:0.0040s ]
SQL: select id,position_id from tg_organization_employee where user_id = 1 [ RunTime:0.0000s ]

[ 2016-10-11T17:48:52+08:00 ] 127.0.0.1 /tg_oa_crm_20161008/index.php/Admin/Login/index.html
INFO: [ app_init ] --START--
INFO: Run Behavior\BuildLiteBehavior [ RunTime:0.000000s ]
INFO: [ app_init ] --END-- [ RunTime:0.001000s ]
INFO: [ app_begin ] --START--
INFO: Run Behavior\ReadHtmlCacheBehavior [ RunTime:0.000000s ]
INFO: [ app_begin ] --END-- [ RunTime:0.000000s ]
SQL: SHOW COLUMNS FROM `tg_privilege_menu` [ RunTime:0.0040s ]
SQL: SELECT `id`,name as text FROM `tg_privilege_menu` WHERE ( parent_id is null ) ORDER BY id asc  [ RunTime:0.0000s ]
INFO: [ view_parse ] --START--
INFO: [ template_filter ] --START--
INFO: Run Behavior\ContentReplaceBehavior [ RunTime:0.000000s ]
INFO: [ template_filter ] --END-- [ RunTime:0.000000s ]
INFO: Run Behavior\ParseTemplateBehavior [ RunTime:0.007000s ]
INFO: [ view_parse ] --END-- [ RunTime:0.007000s ]
INFO: [ view_filter ] --START--
INFO: Run Behavior\WriteHtmlCacheBehavior [ RunTime:0.001000s ]
INFO: [ view_filter ] --END-- [ RunTime:0.001000s ]
INFO: [ app_end ] --START--
INFO: Run Behavior\ShowPageTraceBehavior [ RunTime:0.000000s ]
INFO: [ app_end ] --END-- [ RunTime:0.000000s ]

[ 2016-10-11T17:48:52+08:00 ] 127.0.0.1 /tg_oa_crm_20161008/index.php/Admin/Login/getMenus
INFO: [ app_init ] --START--
INFO: Run Behavior\BuildLiteBehavior [ RunTime:0.000000s ]
INFO: [ app_init ] --END-- [ RunTime:0.000000s ]
INFO: [ app_begin ] --START--
INFO: Run Behavior\ReadHtmlCacheBehavior [ RunTime:0.001001s ]
INFO: [ app_begin ] --END-- [ RunTime:0.001001s ]
SQL: SHOW COLUMNS FROM `tg_privilege_menu` [ RunTime:0.0050s ]
SQL: SELECT `id`,name as text,target_href href,parent_id as pid FROM `tg_privilege_menu` ORDER BY id asc  [ RunTime:0.0000s ]
INFO: [ app_end ] --START--
INFO: Run Behavior\ShowPageTraceBehavior [ RunTime:0.001000s ]
INFO: [ app_end ] --END-- [ RunTime:0.001000s ]

[ 2016-10-11T17:48:53+08:00 ] 127.0.0.1 /tg_oa_crm_20161008/index.php/Admin/Index/index.html
INFO: [ app_init ] --START--
INFO: Run Behavior\BuildLiteBehavior [ RunTime:0.000000s ]
INFO: [ app_init ] --END-- [ RunTime:0.001000s ]
INFO: [ app_begin ] --START--
INFO: Run Behavior\ReadHtmlCacheBehavior [ RunTime:0.001000s ]
INFO: [ app_begin ] --END-- [ RunTime:0.001000s ]
INFO: [ view_parse ] --START--
INFO: [ template_filter ] --START--
INFO: Run Behavior\ContentReplaceBehavior [ RunTime:0.000000s ]
INFO: [ template_filter ] --END-- [ RunTime:0.000000s ]
INFO: Run Behavior\ParseTemplateBehavior [ RunTime:0.007000s ]
INFO: [ view_parse ] --END-- [ RunTime:0.007000s ]
INFO: [ view_filter ] --START--
INFO: Run Behavior\WriteHtmlCacheBehavior [ RunTime:0.001000s ]
INFO: [ view_filter ] --END-- [ RunTime:0.001000s ]
INFO: [ app_end ] --START--
INFO: Run Behavior\ShowPageTraceBehavior [ RunTime:0.001000s ]
INFO: [ app_end ] --END-- [ RunTime:0.001000s ]

[ 2016-10-11T17:49:01+08:00 ] 127.0.0.1 /tg_oa_crm_20161008/index.php/Admin/CouTable/INDEX.html
INFO: [ app_init ] --START--
INFO: Run Behavior\BuildLiteBehavior [ RunTime:0.000000s ]
INFO: [ app_init ] --END-- [ RunTime:0.001000s ]
INFO: [ app_begin ] --START--
INFO: Run Behavior\ReadHtmlCacheBehavior [ RunTime:0.001000s ]
INFO: [ app_begin ] --END-- [ RunTime:0.001000s ]
SQL: SHOW COLUMNS FROM `tg_acdemic_class` [ RunTime:0.0050s ]
SQL: SELECT `id`,`name` FROM `tg_acdemic_class`  [ RunTime:0.0010s ]
SQL: SHOW COLUMNS FROM `tg_acdemic_direction` [ RunTime:0.0030s ]
SQL: SELECT `id`,`name` FROM `tg_acdemic_direction`  [ RunTime:0.0000s ]
SQL: SHOW COLUMNS FROM `tg_acdemic_stage` [ RunTime:0.0080s ]
SQL: SELECT `id`,`name` FROM `tg_acdemic_stage`  [ RunTime:0.0000s ]
SQL: SHOW COLUMNS FROM `tg_acdemic_course` [ RunTime:0.0040s ]
SQL: SELECT `id`,`name` FROM `tg_acdemic_course`  [ RunTime:0.0010s ]
SQL: SHOW COLUMNS FROM `tg_acdemic_days` [ RunTime:0.0030s ]
SQL: SELECT `id`,`name` FROM `tg_acdemic_days`  [ RunTime:0.0010s ]
SQL: SHOW COLUMNS FROM `tg_organization_employee` [ RunTime:0.0080s ]
SQL: SELECT `id`,`name` FROM `tg_organization_employee` WHERE ( position_id=4 )  [ RunTime:0.0000s ]
NOTIC: [8] Use of undefined constant res - assumed 'res' D:\WWW\tg_oa_crm_20161008\Application\Admin\Controller\CouTableController.class.php 第 35 行.
NOTIC: [8] Use of undefined constant res1 - assumed 'res1' D:\WWW\tg_oa_crm_20161008\Application\Admin\Controller\CouTableController.class.php 第 35 行.
NOTIC: [8] Use of undefined constant res2 - assumed 'res2' D:\WWW\tg_oa_crm_20161008\Application\Admin\Controller\CouTableController.class.php 第 35 行.
NOTIC: [8] Use of undefined constant res3 - assumed 'res3' D:\WWW\tg_oa_crm_20161008\Application\Admin\Controller\CouTableController.class.php 第 35 行.
NOTIC: [8] Use of undefined constant res4 - assumed 'res4' D:\WWW\tg_oa_crm_20161008\Application\Admin\Controller\CouTableController.class.php 第 35 行.
NOTIC: [8] Use of undefined constant res5 - assumed 'res5' D:\WWW\tg_oa_crm_20161008\Application\Admin\Controller\CouTableController.class.php 第 36 行.
INFO: [ view_parse ] --START--
INFO: [ template_filter ] --START--
INFO: Run Behavior\ContentReplaceBehavior [ RunTime:0.000000s ]
INFO: [ template_filter ] --END-- [ RunTime:0.000000s ]
INFO: Run Behavior\ParseTemplateBehavior [ RunTime:0.013001s ]
INFO: [ view_parse ] --END-- [ RunTime:0.014001s ]
INFO: [ view_filter ] --START--
INFO: Run Behavior\WriteHtmlCacheBehavior [ RunTime:0.000000s ]
INFO: [ view_filter ] --END-- [ RunTime:0.000000s ]
INFO: [ app_end ] --START--
INFO: Run Behavior\ShowPageTraceBehavior [ RunTime:0.001000s ]
INFO: [ app_end ] --END-- [ RunTime:0.001000s ]

[ 2016-10-11T17:49:01+08:00 ] 127.0.0.1 /tg_oa_crm_20161008/index.php/Admin/CouTable/path/to/multiselect.css
INFO: [ app_init ] --START--
INFO: Run Behavior\BuildLiteBehavior [ RunTime:0.000000s ]
INFO: [ app_init ] --END-- [ RunTime:0.000000s ]
INFO: [ app_begin ] --START--
INFO: Run Behavior\ReadHtmlCacheBehavior [ RunTime:0.001000s ]
INFO: [ app_begin ] --END-- [ RunTime:0.001000s ]
INFO: [ app_end ] --START--
INFO: Run Behavior\ShowPageTraceBehavior [ RunTime:0.001000s ]
INFO: [ app_end ] --END-- [ RunTime:0.001000s ]

[ 2016-10-11T17:49:02+08:00 ] 127.0.0.1 /tg_oa_crm_20161008/index.php/Admin/CouTable/getData.html
INFO: [ app_init ] --START--
INFO: Run Behavior\BuildLiteBehavior [ RunTime:0.000000s ]
INFO: [ app_init ] --END-- [ RunTime:0.001000s ]
INFO: [ app_begin ] --START--
INFO: Run Behavior\ReadHtmlCacheBehavior [ RunTime:0.000000s ]
INFO: [ app_begin ] --END-- [ RunTime:0.000000s ]
SQL: SHOW COLUMNS FROM `tg_acdemic_course_table` [ RunTime:0.0040s ]
SQL: SHOW COLUMNS FROM `tg_acdemic_course_table` [ RunTime:0.0030s ]
ERR: 1054:Unknown column 't1.course_id' in 'on clause'
 [ SQL语句 ] : SELECT t1.id as id,class.name as name1,days.name as name2,t1.date as date,employee.name as name3,course.name as course,stage.name as stage,direction.name as direction FROM tg_acdemic_course_table  t1 INNER JOIN tg_acdemic_class
           class on class.id=t1.class_id  INNER JOIN tg_acdemic_days days on days.id=t1.course_days_id INNER JOIN tg_organization_employee employee on employee.id=t1.teacher_id   INNER JOIN tg_acdemic_course course on course.id=t1.course_id INNER JOIN tg_acdemic_stage stage on stage.id=t1.stage_id   INNER JOIN tg_acdemic_direction  direction on t1.direction_id=direction.id  LIMIT 0,10  
ERR: 1054:Unknown column 't1.course_id' in 'on clause'
 [ SQL语句 ] : SELECT t1.id as id,class.name as name1,days.name as name2,t1.date as date,employee.name as name3,course.name as course,stage.name as stage,direction.name as direction FROM tg_acdemic_course_table  t1 INNER JOIN tg_acdemic_class
           class on class.id=t1.class_id  INNER JOIN tg_acdemic_days days on days.id=t1.course_days_id INNER JOIN tg_organization_employee employee on employee.id=t1.teacher_id   INNER JOIN tg_acdemic_course course on course.id=t1.course_id INNER JOIN tg_acdemic_stage stage on stage.id=t1.stage_id   INNER JOIN tg_acdemic_direction  direction on t1.direction_id=direction.id  LIMIT 0,10  

[ 2016-10-11T17:49:11+08:00 ] 127.0.0.1 /tg_oa_crm_20161008/index.php/Admin/CouTable/INDEX.html
INFO: [ app_init ] --START--
INFO: Run Behavior\BuildLiteBehavior [ RunTime:0.000000s ]
INFO: [ app_init ] --END-- [ RunTime:0.001001s ]
INFO: [ app_begin ] --START--
INFO: Run Behavior\ReadHtmlCacheBehavior [ RunTime:0.000000s ]
INFO: [ app_begin ] --END-- [ RunTime:0.000000s ]
SQL: SHOW COLUMNS FROM `tg_acdemic_class` [ RunTime:0.0040s ]
SQL: SELECT `id`,`name` FROM `tg_acdemic_class`  [ RunTime:0.0010s ]
SQL: SHOW COLUMNS FROM `tg_acdemic_direction` [ RunTime:0.0030s ]
SQL: SELECT `id`,`name` FROM `tg_acdemic_direction`  [ RunTime:0.0010s ]
SQL: SHOW COLUMNS FROM `tg_acdemic_stage` [ RunTime:0.0050s ]
SQL: SELECT `id`,`name` FROM `tg_acdemic_stage`  [ RunTime:0.0010s ]
SQL: SHOW COLUMNS FROM `tg_acdemic_course` [ RunTime:0.0030s ]
SQL: SELECT `id`,`name` FROM `tg_acdemic_course`  [ RunTime:0.0010s ]
SQL: SHOW COLUMNS FROM `tg_acdemic_days` [ RunTime:0.0030s ]
SQL: SELECT `id`,`name` FROM `tg_acdemic_days`  [ RunTime:0.0010s ]
SQL: SHOW COLUMNS FROM `tg_organization_employee` [ RunTime:0.0060s ]
SQL: SELECT `id`,`name` FROM `tg_organization_employee` WHERE ( position_id=4 )  [ RunTime:0.0010s ]
NOTIC: [8] Use of undefined constant res - assumed 'res' D:\WWW\tg_oa_crm_20161008\Application\Admin\Controller\CouTableController.class.php 第 35 行.
NOTIC: [8] Use of undefined constant res1 - assumed 'res1' D:\WWW\tg_oa_crm_20161008\Application\Admin\Controller\CouTableController.class.php 第 35 行.
NOTIC: [8] Use of undefined constant res2 - assumed 'res2' D:\WWW\tg_oa_crm_20161008\Application\Admin\Controller\CouTableController.class.php 第 35 行.
NOTIC: [8] Use of undefined constant res3 - assumed 'res3' D:\WWW\tg_oa_crm_20161008\Application\Admin\Controller\CouTableController.class.php 第 35 行.
NOTIC: [8] Use of undefined constant res4 - assumed 'res4' D:\WWW\tg_oa_crm_20161008\Application\Admin\Controller\CouTableController.class.php 第 35 行.
NOTIC: [8] Use of undefined constant res5 - assumed 'res5' D:\WWW\tg_oa_crm_20161008\Application\Admin\Controller\CouTableController.class.php 第 36 行.
INFO: [ view_parse ] --START--
INFO: [ template_filter ] --START--
INFO: Run Behavior\ContentReplaceBehavior [ RunTime:0.000000s ]
INFO: [ template_filter ] --END-- [ RunTime:0.000000s ]
INFO: Run Behavior\ParseTemplateBehavior [ RunTime:0.013001s ]
INFO: [ view_parse ] --END-- [ RunTime:0.013001s ]
INFO: [ view_filter ] --START--
INFO: Run Behavior\WriteHtmlCacheBehavior [ RunTime:0.001000s ]
INFO: [ view_filter ] --END-- [ RunTime:0.001000s ]
INFO: [ app_end ] --START--
INFO: Run Behavior\ShowPageTraceBehavior [ RunTime:0.002000s ]
INFO: [ app_end ] --END-- [ RunTime:0.002000s ]

[ 2016-10-11T17:49:11+08:00 ] 127.0.0.1 /tg_oa_crm_20161008/index.php/Admin/CouTable/path/to/multiselect.css
INFO: [ app_init ] --START--
INFO: Run Behavior\BuildLiteBehavior [ RunTime:0.000000s ]
INFO: [ app_init ] --END-- [ RunTime:0.001000s ]
INFO: [ app_begin ] --START--
INFO: Run Behavior\ReadHtmlCacheBehavior [ RunTime:0.000000s ]
INFO: [ app_begin ] --END-- [ RunTime:0.000000s ]
INFO: [ app_end ] --START--
INFO: Run Behavior\ShowPageTraceBehavior [ RunTime:0.000000s ]
INFO: [ app_end ] --END-- [ RunTime:0.001000s ]

[ 2016-10-11T17:49:13+08:00 ] 127.0.0.1 /tg_oa_crm_20161008/index.php/Admin/CouTable/getData.html
INFO: [ app_init ] --START--
INFO: Run Behavior\BuildLiteBehavior [ RunTime:0.000000s ]
INFO: [ app_init ] --END-- [ RunTime:0.000000s ]
INFO: [ app_begin ] --START--
INFO: Run Behavior\ReadHtmlCacheBehavior [ RunTime:0.000000s ]
INFO: [ app_begin ] --END-- [ RunTime:0.001000s ]
SQL: SHOW COLUMNS FROM `tg_acdemic_course_table` [ RunTime:0.0040s ]
SQL: SHOW COLUMNS FROM `tg_acdemic_course_table` [ RunTime:0.0040s ]
ERR: 1054:Unknown column 't1.course_id' in 'on clause'
 [ SQL语句 ] : SELECT t1.id as id,class.name as name1,days.name as name2,t1.date as date,employee.name as name3,course.name as course,stage.name as stage,direction.name as direction FROM tg_acdemic_course_table  t1 INNER JOIN tg_acdemic_class
           class on class.id=t1.class_id  INNER JOIN tg_acdemic_days days on days.id=t1.course_days_id INNER JOIN tg_organization_employee employee on employee.id=t1.teacher_id   INNER JOIN tg_acdemic_course course on course.id=t1.course_id INNER JOIN tg_acdemic_stage stage on stage.id=t1.stage_id   INNER JOIN tg_acdemic_direction  direction on t1.direction_id=direction.id  LIMIT 0,10  
ERR: 1054:Unknown column 't1.course_id' in 'on clause'
 [ SQL语句 ] : SELECT t1.id as id,class.name as name1,days.name as name2,t1.date as date,employee.name as name3,course.name as course,stage.name as stage,direction.name as direction FROM tg_acdemic_course_table  t1 INNER JOIN tg_acdemic_class
           class on class.id=t1.class_id  INNER JOIN tg_acdemic_days days on days.id=t1.course_days_id INNER JOIN tg_organization_employee employee on employee.id=t1.teacher_id   INNER JOIN tg_acdemic_course course on course.id=t1.course_id INNER JOIN tg_acdemic_stage stage on stage.id=t1.stage_id   INNER JOIN tg_acdemic_direction  direction on t1.direction_id=direction.id  LIMIT 0,10  

[ 2016-10-11T17:49:53+08:00 ] 127.0.0.1 /tg_oa_crm_20161008/index.php/Admin/CouTable/coursetable.html
INFO: [ app_init ] --START--
INFO: Run Behavior\BuildLiteBehavior [ RunTime:0.000000s ]
INFO: [ app_init ] --END-- [ RunTime:0.001000s ]
INFO: [ app_begin ] --START--
INFO: Run Behavior\ReadHtmlCacheBehavior [ RunTime:0.001000s ]
INFO: [ app_begin ] --END-- [ RunTime:0.001000s ]
SQL: SHOW COLUMNS FROM `tg_acdemic_class` [ RunTime:0.0040s ]
SQL: SELECT `id`,`name` FROM `tg_acdemic_class`  [ RunTime:0.0010s ]
NOTIC: [8] Use of undefined constant res - assumed 'res' D:\WWW\tg_oa_crm_20161008\Application\Admin\Controller\CouTableController.class.php 第 130 行.
INFO: [ view_parse ] --START--
INFO: [ template_filter ] --START--
INFO: Run Behavior\ContentReplaceBehavior [ RunTime:0.000000s ]
INFO: [ template_filter ] --END-- [ RunTime:0.000000s ]
NOTIC: [8] Undefined variable: arr D:\WWW\tg_oa_crm_20161008\Application\Runtime\Cache\Admin\e21b09072effccda456899e2c4e33c55.php 第 70 行.
NOTIC: [8] Undefined variable: cname D:\WWW\tg_oa_crm_20161008\Application\Runtime\Cache\Admin\e21b09072effccda456899e2c4e33c55.php 第 71 行.
NOTIC: [8] Undefined variable: arr D:\WWW\tg_oa_crm_20161008\Application\Runtime\Cache\Admin\e21b09072effccda456899e2c4e33c55.php 第 85 行.
INFO: Run Behavior\ParseTemplateBehavior [ RunTime:0.019001s ]
INFO: [ view_parse ] --END-- [ RunTime:0.019001s ]
INFO: [ view_filter ] --START--
INFO: Run Behavior\WriteHtmlCacheBehavior [ RunTime:0.001000s ]
INFO: [ view_filter ] --END-- [ RunTime:0.001000s ]
INFO: [ app_end ] --START--
INFO: Run Behavior\ShowPageTraceBehavior [ RunTime:0.000000s ]
INFO: [ app_end ] --END-- [ RunTime:0.000000s ]

[ 2016-10-11T17:50:02+08:00 ] 127.0.0.1 /tg_oa_crm_20161008/index.php/Admin/CouTable/INDEX.html
INFO: [ app_init ] --START--
INFO: Run Behavior\BuildLiteBehavior [ RunTime:0.000000s ]
INFO: [ app_init ] --END-- [ RunTime:0.000000s ]
INFO: [ app_begin ] --START--
INFO: Run Behavior\ReadHtmlCacheBehavior [ RunTime:0.000000s ]
INFO: [ app_begin ] --END-- [ RunTime:0.000000s ]
SQL: SHOW COLUMNS FROM `tg_acdemic_class` [ RunTime:0.0040s ]
SQL: SELECT `id`,`name` FROM `tg_acdemic_class`  [ RunTime:0.0000s ]
SQL: SHOW COLUMNS FROM `tg_acdemic_direction` [ RunTime:0.0040s ]
SQL: SELECT `id`,`name` FROM `tg_acdemic_direction`  [ RunTime:0.0000s ]
SQL: SHOW COLUMNS FROM `tg_acdemic_stage` [ RunTime:0.0030s ]
SQL: SELECT `id`,`name` FROM `tg_acdemic_stage`  [ RunTime:0.0010s ]
SQL: SHOW COLUMNS FROM `tg_acdemic_course` [ RunTime:0.0060s ]
SQL: SELECT `id`,`name` FROM `tg_acdemic_course`  [ RunTime:0.0000s ]
SQL: SHOW COLUMNS FROM `tg_acdemic_days` [ RunTime:0.0060s ]
SQL: SELECT `id`,`name` FROM `tg_acdemic_days`  [ RunTime:0.0010s ]
SQL: SHOW COLUMNS FROM `tg_organization_employee` [ RunTime:0.0050s ]
SQL: SELECT `id`,`name` FROM `tg_organization_employee` WHERE ( position_id=4 )  [ RunTime:0.0010s ]
NOTIC: [8] Use of undefined constant res - assumed 'res' D:\WWW\tg_oa_crm_20161008\Application\Admin\Controller\CouTableController.class.php 第 35 行.
NOTIC: [8] Use of undefined constant res1 - assumed 'res1' D:\WWW\tg_oa_crm_20161008\Application\Admin\Controller\CouTableController.class.php 第 35 行.
NOTIC: [8] Use of undefined constant res2 - assumed 'res2' D:\WWW\tg_oa_crm_20161008\Application\Admin\Controller\CouTableController.class.php 第 35 行.
NOTIC: [8] Use of undefined constant res3 - assumed 'res3' D:\WWW\tg_oa_crm_20161008\Application\Admin\Controller\CouTableController.class.php 第 35 行.
NOTIC: [8] Use of undefined constant res4 - assumed 'res4' D:\WWW\tg_oa_crm_20161008\Application\Admin\Controller\CouTableController.class.php 第 35 行.
NOTIC: [8] Use of undefined constant res5 - assumed 'res5' D:\WWW\tg_oa_crm_20161008\Application\Admin\Controller\CouTableController.class.php 第 36 行.
INFO: [ view_parse ] --START--
INFO: [ template_filter ] --START--
INFO: Run Behavior\ContentReplaceBehavior [ RunTime:0.000000s ]
INFO: [ template_filter ] --END-- [ RunTime:0.000000s ]
INFO: Run Behavior\ParseTemplateBehavior [ RunTime:0.015001s ]
INFO: [ view_parse ] --END-- [ RunTime:0.015001s ]
INFO: [ view_filter ] --START--
INFO: Run Behavior\WriteHtmlCacheBehavior [ RunTime:0.001000s ]
INFO: [ view_filter ] --END-- [ RunTime:0.001000s ]
INFO: [ app_end ] --START--
INFO: Run Behavior\ShowPageTraceBehavior [ RunTime:0.001000s ]
INFO: [ app_end ] --END-- [ RunTime:0.001000s ]

[ 2016-10-11T17:50:02+08:00 ] 127.0.0.1 /tg_oa_crm_20161008/index.php/Admin/CouTable/path/to/multiselect.css
INFO: [ app_init ] --START--
INFO: Run Behavior\BuildLiteBehavior [ RunTime:0.000000s ]
INFO: [ app_init ] --END-- [ RunTime:0.001000s ]
INFO: [ app_begin ] --START--
INFO: Run Behavior\ReadHtmlCacheBehavior [ RunTime:0.002000s ]
INFO: [ app_begin ] --END-- [ RunTime:0.002000s ]
INFO: [ app_end ] --START--
INFO: Run Behavior\ShowPageTraceBehavior [ RunTime:0.001000s ]
INFO: [ app_end ] --END-- [ RunTime:0.001000s ]

[ 2016-10-11T17:50:04+08:00 ] 127.0.0.1 /tg_oa_crm_20161008/index.php/Admin/CouTable/getData.html
INFO: [ app_init ] --START--
INFO: Run Behavior\BuildLiteBehavior [ RunTime:0.000000s ]
INFO: [ app_init ] --END-- [ RunTime:0.001000s ]
INFO: [ app_begin ] --START--
INFO: Run Behavior\ReadHtmlCacheBehavior [ RunTime:0.001000s ]
INFO: [ app_begin ] --END-- [ RunTime:0.001000s ]
SQL: SHOW COLUMNS FROM `tg_acdemic_course_table` [ RunTime:0.0040s ]
SQL: SHOW COLUMNS FROM `tg_acdemic_course_table` [ RunTime:0.0040s ]
ERR: 1054:Unknown column 't1.course_id' in 'on clause'
 [ SQL语句 ] : SELECT t1.id as id,class.name as name1,days.name as name2,t1.date as date,employee.name as name3,course.name as course,stage.name as stage,direction.name as direction FROM tg_acdemic_course_table  t1 INNER JOIN tg_acdemic_class
           class on class.id=t1.class_id  INNER JOIN tg_acdemic_days days on days.id=t1.course_days_id INNER JOIN tg_organization_employee employee on employee.id=t1.teacher_id   INNER JOIN tg_acdemic_course course on course.id=t1.course_id INNER JOIN tg_acdemic_stage stage on stage.id=t1.stage_id   INNER JOIN tg_acdemic_direction  direction on t1.direction_id=direction.id  LIMIT 0,10  
ERR: 1054:Unknown column 't1.course_id' in 'on clause'
 [ SQL语句 ] : SELECT t1.id as id,class.name as name1,days.name as name2,t1.date as date,employee.name as name3,course.name as course,stage.name as stage,direction.name as direction FROM tg_acdemic_course_table  t1 INNER JOIN tg_acdemic_class
           class on class.id=t1.class_id  INNER JOIN tg_acdemic_days days on days.id=t1.course_days_id INNER JOIN tg_organization_employee employee on employee.id=t1.teacher_id   INNER JOIN tg_acdemic_course course on course.id=t1.course_id INNER JOIN tg_acdemic_stage stage on stage.id=t1.stage_id   INNER JOIN tg_acdemic_direction  direction on t1.direction_id=direction.id  LIMIT 0,10  

[ 2016-10-11T17:51:13+08:00 ] 127.0.0.1 /tg_oa_crm_20161008/index.php/Admin/CouTable/coursetable.html
INFO: [ app_init ] --START--
INFO: Run Behavior\BuildLiteBehavior [ RunTime:0.000000s ]
INFO: [ app_init ] --END-- [ RunTime:0.002000s ]
INFO: [ app_begin ] --START--
INFO: Run Behavior\ReadHtmlCacheBehavior [ RunTime:0.001000s ]
INFO: [ app_begin ] --END-- [ RunTime:0.001000s ]
SQL: SHOW COLUMNS FROM `tg_acdemic_class` [ RunTime:0.0040s ]
SQL: SELECT `id`,`name` FROM `tg_acdemic_class`  [ RunTime:0.0000s ]
NOTIC: [8] Use of undefined constant res - assumed 'res' D:\WWW\tg_oa_crm_20161008\Application\Admin\Controller\CouTableController.class.php 第 130 行.
INFO: [ view_parse ] --START--
INFO: [ template_filter ] --START--
INFO: Run Behavior\ContentReplaceBehavior [ RunTime:0.000000s ]
INFO: [ template_filter ] --END-- [ RunTime:0.001000s ]
NOTIC: [8] Undefined variable: arr D:\WWW\tg_oa_crm_20161008\Application\Runtime\Cache\Admin\e21b09072effccda456899e2c4e33c55.php 第 70 行.
NOTIC: [8] Undefined variable: cname D:\WWW\tg_oa_crm_20161008\Application\Runtime\Cache\Admin\e21b09072effccda456899e2c4e33c55.php 第 71 行.
NOTIC: [8] Undefined variable: arr D:\WWW\tg_oa_crm_20161008\Application\Runtime\Cache\Admin\e21b09072effccda456899e2c4e33c55.php 第 85 行.
INFO: Run Behavior\ParseTemplateBehavior [ RunTime:0.010000s ]
INFO: [ view_parse ] --END-- [ RunTime:0.010000s ]
INFO: [ view_filter ] --START--
INFO: Run Behavior\WriteHtmlCacheBehavior [ RunTime:0.000000s ]
INFO: [ view_filter ] --END-- [ RunTime:0.000000s ]
INFO: [ app_end ] --START--
INFO: Run Behavior\ShowPageTraceBehavior [ RunTime:0.001001s ]
INFO: [ app_end ] --END-- [ RunTime:0.001001s ]

[ 2016-10-11T17:51:17+08:00 ] 127.0.0.1 /tg_oa_crm_20161008/index.php/Admin/CouTable/date.html
INFO: [ app_init ] --START--
INFO: Run Behavior\BuildLiteBehavior [ RunTime:0.000000s ]
INFO: [ app_init ] --END-- [ RunTime:0.001000s ]
INFO: [ app_begin ] --START--
INFO: Run Behavior\ReadHtmlCacheBehavior [ RunTime:0.001000s ]
INFO: [ app_begin ] --END-- [ RunTime:0.001000s ]
SQL: SHOW COLUMNS FROM `tg_acdemic_class` [ RunTime:0.0030s ]
SQL: SELECT `start` FROM `tg_acdemic_class` WHERE `id` = 2  [ RunTime:0.0000s ]

[ 2016-10-11T17:51:43+08:00 ] 127.0.0.1 /tg_oa_crm_20161008/index.php/Admin/CouTable/INDEX.html
INFO: [ app_init ] --START--
INFO: Run Behavior\BuildLiteBehavior [ RunTime:0.000000s ]
INFO: [ app_init ] --END-- [ RunTime:0.001000s ]
INFO: [ app_begin ] --START--
INFO: Run Behavior\ReadHtmlCacheBehavior [ RunTime:0.000000s ]
INFO: [ app_begin ] --END-- [ RunTime:0.000000s ]
SQL: SHOW COLUMNS FROM `tg_acdemic_class` [ RunTime:0.0040s ]
SQL: SELECT `id`,`name` FROM `tg_acdemic_class`  [ RunTime:0.0010s ]
SQL: SHOW COLUMNS FROM `tg_acdemic_direction` [ RunTime:0.0040s ]
SQL: SELECT `id`,`name` FROM `tg_acdemic_direction`  [ RunTime:0.0010s ]
SQL: SHOW COLUMNS FROM `tg_acdemic_stage` [ RunTime:0.0030s ]
SQL: SELECT `id`,`name` FROM `tg_acdemic_stage`  [ RunTime:0.0000s ]
SQL: SHOW COLUMNS FROM `tg_acdemic_course` [ RunTime:0.0040s ]
SQL: SELECT `id`,`name` FROM `tg_acdemic_course`  [ RunTime:0.0000s ]
SQL: SHOW COLUMNS FROM `tg_acdemic_days` [ RunTime:0.0030s ]
SQL: SELECT `id`,`name` FROM `tg_acdemic_days`  [ RunTime:0.0000s ]
SQL: SHOW COLUMNS FROM `tg_organization_employee` [ RunTime:0.0040s ]
SQL: SELECT `id`,`name` FROM `tg_organization_employee` WHERE ( position_id=4 )  [ RunTime:0.0010s ]
NOTIC: [8] Use of undefined constant res - assumed 'res' D:\WWW\tg_oa_crm_20161008\Application\Admin\Controller\CouTableController.class.php 第 35 行.
NOTIC: [8] Use of undefined constant res1 - assumed 'res1' D:\WWW\tg_oa_crm_20161008\Application\Admin\Controller\CouTableController.class.php 第 35 行.
NOTIC: [8] Use of undefined constant res2 - assumed 'res2' D:\WWW\tg_oa_crm_20161008\Application\Admin\Controller\CouTableController.class.php 第 35 行.
NOTIC: [8] Use of undefined constant res3 - assumed 'res3' D:\WWW\tg_oa_crm_20161008\Application\Admin\Controller\CouTableController.class.php 第 35 行.
NOTIC: [8] Use of undefined constant res4 - assumed 'res4' D:\WWW\tg_oa_crm_20161008\Application\Admin\Controller\CouTableController.class.php 第 35 行.
NOTIC: [8] Use of undefined constant res5 - assumed 'res5' D:\WWW\tg_oa_crm_20161008\Application\Admin\Controller\CouTableController.class.php 第 36 行.
INFO: [ view_parse ] --START--
INFO: [ template_filter ] --START--
INFO: Run Behavior\ContentReplaceBehavior [ RunTime:0.000000s ]
INFO: [ template_filter ] --END-- [ RunTime:0.000000s ]
INFO: Run Behavior\ParseTemplateBehavior [ RunTime:0.010001s ]
INFO: [ view_parse ] --END-- [ RunTime:0.010001s ]
INFO: [ view_filter ] --START--
INFO: Run Behavior\WriteHtmlCacheBehavior [ RunTime:0.001000s ]
INFO: [ view_filter ] --END-- [ RunTime:0.001000s ]
INFO: [ app_end ] --START--
INFO: Run Behavior\ShowPageTraceBehavior [ RunTime:0.001000s ]
INFO: [ app_end ] --END-- [ RunTime:0.001000s ]

[ 2016-10-11T17:51:44+08:00 ] 127.0.0.1 /tg_oa_crm_20161008/index.php/Admin/CouTable/path/to/multiselect.css
INFO: [ app_init ] --START--
INFO: Run Behavior\BuildLiteBehavior [ RunTime:0.000000s ]
INFO: [ app_init ] --END-- [ RunTime:0.001000s ]
INFO: [ app_begin ] --START--
INFO: Run Behavior\ReadHtmlCacheBehavior [ RunTime:0.000000s ]
INFO: [ app_begin ] --END-- [ RunTime:0.000000s ]
INFO: [ app_end ] --START--
INFO: Run Behavior\ShowPageTraceBehavior [ RunTime:0.000000s ]
INFO: [ app_end ] --END-- [ RunTime:0.000000s ]

[ 2016-10-11T17:51:45+08:00 ] 127.0.0.1 /tg_oa_crm_20161008/index.php/Admin/CouTable/getData.html
INFO: [ app_init ] --START--
INFO: Run Behavior\BuildLiteBehavior [ RunTime:0.000000s ]
INFO: [ app_init ] --END-- [ RunTime:0.001001s ]
INFO: [ app_begin ] --START--
INFO: Run Behavior\ReadHtmlCacheBehavior [ RunTime:0.001000s ]
INFO: [ app_begin ] --END-- [ RunTime:0.001000s ]
SQL: SHOW COLUMNS FROM `tg_acdemic_course_table` [ RunTime:0.0040s ]
SQL: SHOW COLUMNS FROM `tg_acdemic_course_table` [ RunTime:0.0040s ]
ERR: 1054:Unknown column 't1.course_id' in 'on clause'
 [ SQL语句 ] : SELECT t1.id as id,class.name as name1,days.name as name2,t1.date as date,employee.name as name3,course.name as course,stage.name as stage,direction.name as direction FROM tg_acdemic_course_table  t1 INNER JOIN tg_acdemic_class
           class on class.id=t1.class_id  INNER JOIN tg_acdemic_days days on days.id=t1.course_days_id INNER JOIN tg_organization_employee employee on employee.id=t1.teacher_id   INNER JOIN tg_acdemic_course course on course.id=t1.course_id INNER JOIN tg_acdemic_stage stage on stage.id=t1.stage_id   INNER JOIN tg_acdemic_direction  direction on t1.direction_id=direction.id  LIMIT 0,10  
ERR: 1054:Unknown column 't1.course_id' in 'on clause'
 [ SQL语句 ] : SELECT t1.id as id,class.name as name1,days.name as name2,t1.date as date,employee.name as name3,course.name as course,stage.name as stage,direction.name as direction FROM tg_acdemic_course_table  t1 INNER JOIN tg_acdemic_class
           class on class.id=t1.class_id  INNER JOIN tg_acdemic_days days on days.id=t1.course_days_id INNER JOIN tg_organization_employee employee on employee.id=t1.teacher_id   INNER JOIN tg_acdemic_course course on course.id=t1.course_id INNER JOIN tg_acdemic_stage stage on stage.id=t1.stage_id   INNER JOIN tg_acdemic_direction  direction on t1.direction_id=direction.id  LIMIT 0,10  

